<?xml version="1.0" encoding="UTF-8"?>
<testng-results skipped="0" failed="50" total="72" passed="22">
  <reporter-output>
  </reporter-output>
  <suite name="Default suite" duration-ms="823560" started-at="2018-01-02T09:48:03Z" finished-at="2018-01-02T10:01:47Z">
    <groups>
    </groups>
    <test name="Default test" duration-ms="823560" started-at="2018-01-02T09:48:03Z" finished-at="2018-01-02T10:01:47Z">
      <class name="com.gdi.testexecutor.TestExecutor">
        <test-method status="PASS" signature="initFrameWork()[pri:0, instance:com.gdi.testexecutor.TestExecutor@18be83e4]" name="initFrameWork" is-config="true" duration-ms="132" started-at="2018-01-02T15:18:03Z" finished-at="2018-01-02T15:18:03Z">
          <reporter-output>
          </reporter-output>
        </test-method> <!-- initFrameWork -->
        <test-method status="PASS" signature="launchApp()[pri:0, instance:com.gdi.testexecutor.TestExecutor@18be83e4]" name="launchApp" is-config="true" duration-ms="51547" started-at="2018-01-02T15:18:03Z" finished-at="2018-01-02T15:18:55Z">
          <reporter-output>
          </reporter-output>
        </test-method> <!-- launchApp -->
        <test-method status="PASS" signature="testScenarios(java.lang.String, java.lang.String)[pri:0, instance:com.gdi.testexecutor.TestExecutor@18be83e4]" name="testScenarios" duration-ms="11253" started-at="2018-01-02T15:18:58Z" data-provider="getScenarios" finished-at="2018-01-02T15:19:09Z">
          <params>
            <param index="0">
              <value>
                <![CDATA[UC01_BannerLogoTermsConditions]]>
              </value>
            </param>
            <param index="1">
              <value>
                <![CDATA[Yes]]>
              </value>
            </param>
          </params>
          <reporter-output>
          </reporter-output>
        </test-method> <!-- testScenarios -->
        <test-method status="PASS" signature="testScenarios(java.lang.String, java.lang.String)[pri:0, instance:com.gdi.testexecutor.TestExecutor@18be83e4]" name="testScenarios" duration-ms="14191" started-at="2018-01-02T15:19:09Z" data-provider="getScenarios" finished-at="2018-01-02T15:19:24Z">
          <params>
            <param index="0">
              <value>
                <![CDATA[UC02_SkipThistep]]>
              </value>
            </param>
            <param index="1">
              <value>
                <![CDATA[Yes]]>
              </value>
            </param>
          </params>
          <reporter-output>
          </reporter-output>
        </test-method> <!-- testScenarios -->
        <test-method status="PASS" signature="testScenarios(java.lang.String, java.lang.String)[pri:0, instance:com.gdi.testexecutor.TestExecutor@18be83e4]" name="testScenarios" duration-ms="33171" started-at="2018-01-02T15:19:24Z" data-provider="getScenarios" finished-at="2018-01-02T15:19:57Z">
          <params>
            <param index="0">
              <value>
                <![CDATA[UC03_CreateNewAccount]]>
              </value>
            </param>
            <param index="1">
              <value>
                <![CDATA[Yes]]>
              </value>
            </param>
          </params>
          <reporter-output>
          </reporter-output>
        </test-method> <!-- testScenarios -->
        <test-method status="PASS" signature="testScenarios(java.lang.String, java.lang.String)[pri:0, instance:com.gdi.testexecutor.TestExecutor@18be83e4]" name="testScenarios" duration-ms="33497" started-at="2018-01-02T15:19:57Z" data-provider="getScenarios" finished-at="2018-01-02T15:20:30Z">
          <params>
            <param index="0">
              <value>
                <![CDATA[UC04_CompleteProfileBadgeValidation]]>
              </value>
            </param>
            <param index="1">
              <value>
                <![CDATA[Yes]]>
              </value>
            </param>
          </params>
          <reporter-output>
          </reporter-output>
        </test-method> <!-- testScenarios -->
        <test-method status="FAIL" signature="testScenarios(java.lang.String, java.lang.String)[pri:0, instance:com.gdi.testexecutor.TestExecutor@18be83e4]" name="testScenarios" duration-ms="9647" started-at="2018-01-02T15:20:30Z" data-provider="getScenarios" finished-at="2018-01-02T15:20:40Z">
          <params>
            <param index="0">
              <value>
                <![CDATA[UC05_ValidateNotifications]]>
              </value>
            </param>
            <param index="1">
              <value>
                <![CDATA[Yes]]>
              </value>
            </param>
          </params>
          <exception class="org.openqa.selenium.NoSuchElementException">
            <message>
              <![CDATA[An element could not be located on the page using the given search parameters. (WARNING: The server did not provide any stacktrace information)
Command duration or timeout: 244 milliseconds
For documentation on this error, please visit: http://seleniumhq.org/exceptions/no_such_element.html
Build info: version: '2.53.0', revision: '35ae25b', time: '2016-03-15 17:00:58'
System info: host: 'DivyaT.local', ip: '192.168.3.171', os.name: 'Mac OS X', os.arch: 'x86_64', os.version: '10.12.6', java.version: '1.8.0_101'
Driver info: io.appium.java_client.android.AndroidDriver
Capabilities [{app=/Users/testuser/Downloads/app-v141-garage-ca-internal_qa.apk, platformVersion=6.0.1, automationName=uiautomator2, platformName=Android, deviceName=Redmi, platform=ANY}]
Session ID: 758d8ded-819b-4df9-a0ce-aefaadb6e00b
*** Element info: {Using=xpath, value=//android.widget.TextView[@text='10% OF ONE PURCHASE LOY17PROFIL10']}]]>
            </message>
            <full-stacktrace>
              <![CDATA[org.openqa.selenium.NoSuchElementException: An element could not be located on the page using the given search parameters. (WARNING: The server did not provide any stacktrace information)
Command duration or timeout: 244 milliseconds
For documentation on this error, please visit: http://seleniumhq.org/exceptions/no_such_element.html
Build info: version: '2.53.0', revision: '35ae25b', time: '2016-03-15 17:00:58'
System info: host: 'DivyaT.local', ip: '192.168.3.171', os.name: 'Mac OS X', os.arch: 'x86_64', os.version: '10.12.6', java.version: '1.8.0_101'
Driver info: io.appium.java_client.android.AndroidDriver
Capabilities [{app=/Users/testuser/Downloads/app-v141-garage-ca-internal_qa.apk, platformVersion=6.0.1, automationName=uiautomator2, platformName=Android, deviceName=Redmi, platform=ANY}]
Session ID: 758d8ded-819b-4df9-a0ce-aefaadb6e00b
*** Element info: {Using=xpath, value=//android.widget.TextView[@text='10% OF ONE PURCHASE LOY17PROFIL10']}
	at sun.reflect.GeneratedConstructorAccessor45.newInstance(Unknown Source)
	at sun.reflect.DelegatingConstructorAccessorImpl.newInstance(DelegatingConstructorAccessorImpl.java:45)
	at java.lang.reflect.Constructor.newInstance(Constructor.java:423)
	at org.openqa.selenium.remote.ErrorHandler.createThrowable(ErrorHandler.java:206)
	at org.openqa.selenium.remote.ErrorHandler.throwIfResponseFailed(ErrorHandler.java:158)
	at org.openqa.selenium.remote.RemoteWebDriver.execute(RemoteWebDriver.java:678)
	at io.appium.java_client.AppiumDriver.execute(AppiumDriver.java:180)
	at org.openqa.selenium.remote.RemoteWebDriver.findElement(RemoteWebDriver.java:363)
	at org.openqa.selenium.remote.RemoteWebDriver.findElementByXPath(RemoteWebDriver.java:500)
	at org.openqa.selenium.By$ByXPath.findElement(By.java:361)
	at org.openqa.selenium.remote.RemoteWebDriver.findElement(RemoteWebDriver.java:355)
	at com.gdi.locators.ProfileNotificationLocators.offerNotification(ProfileNotificationLocators.java:19)
	at com.gdi.testscenarios.UC05_ValidateNotifications.ValidateNotifications(UC05_ValidateNotifications.java:33)
	at com.gdi.testscenarios.UC05_ValidateNotifications.<init>(UC05_ValidateNotifications.java:19)
	at com.gdi.testscenarios.TestScenarioMapper.executeFunction(TestScenarioMapper.java:28)
	at com.gdi.testexecutor.TestExecutor.testScenarios(TestExecutor.java:127)
	at sun.reflect.NativeMethodAccessorImpl.invoke0(Native Method)
	at sun.reflect.NativeMethodAccessorImpl.invoke(NativeMethodAccessorImpl.java:62)
	at sun.reflect.DelegatingMethodAccessorImpl.invoke(DelegatingMethodAccessorImpl.java:43)
	at java.lang.reflect.Method.invoke(Method.java:498)
	at org.testng.internal.MethodInvocationHelper.invokeMethod(MethodInvocationHelper.java:85)
	at org.testng.internal.Invoker.invokeMethod(Invoker.java:639)
	at org.testng.internal.Invoker.invokeTestMethod(Invoker.java:816)
	at org.testng.internal.Invoker.invokeTestMethods(Invoker.java:1124)
	at org.testng.internal.TestMethodWorker.invokeTestMethods(TestMethodWorker.java:125)
	at org.testng.internal.TestMethodWorker.run(TestMethodWorker.java:108)
	at org.testng.TestRunner.privateRun(TestRunner.java:774)
	at org.testng.TestRunner.run(TestRunner.java:624)
	at org.testng.SuiteRunner.runTest(SuiteRunner.java:359)
	at org.testng.SuiteRunner.runSequentially(SuiteRunner.java:354)
	at org.testng.SuiteRunner.privateRun(SuiteRunner.java:312)
	at org.testng.SuiteRunner.run(SuiteRunner.java:261)
	at org.testng.SuiteRunnerWorker.runSuite(SuiteRunnerWorker.java:52)
	at org.testng.SuiteRunnerWorker.run(SuiteRunnerWorker.java:86)
	at org.testng.TestNG.runSuitesSequentially(TestNG.java:1215)
	at org.testng.TestNG.runSuitesLocally(TestNG.java:1140)
	at org.testng.TestNG.run(TestNG.java:1048)
	at org.testng.remote.AbstractRemoteTestNG.run(AbstractRemoteTestNG.java:132)
	at org.testng.remote.RemoteTestNG.initAndRun(RemoteTestNG.java:236)
	at org.testng.remote.RemoteTestNG.main(RemoteTestNG.java:81)
]]>
            </full-stacktrace>
          </exception> <!-- org.openqa.selenium.NoSuchElementException -->
          <reporter-output>
          </reporter-output>
        </test-method> <!-- testScenarios -->
        <test-method status="PASS" signature="testScenarios(java.lang.String, java.lang.String)[pri:0, instance:com.gdi.testexecutor.TestExecutor@18be83e4]" name="testScenarios" duration-ms="81047" started-at="2018-01-02T15:20:40Z" data-provider="getScenarios" finished-at="2018-01-02T15:22:01Z">
          <params>
            <param index="0">
              <value>
                <![CDATA[UC06_LogoutLoginBackValidateProfile]]>
              </value>
            </param>
            <param index="1">
              <value>
                <![CDATA[Yes]]>
              </value>
            </param>
          </params>
          <reporter-output>
          </reporter-output>
        </test-method> <!-- testScenarios -->
        <test-method status="PASS" signature="testScenarios(java.lang.String, java.lang.String)[pri:0, instance:com.gdi.testexecutor.TestExecutor@18be83e4]" name="testScenarios" duration-ms="10832" started-at="2018-01-02T15:22:01Z" data-provider="getScenarios" finished-at="2018-01-02T15:22:12Z">
          <params>
            <param index="0">
              <value>
                <![CDATA[UC07_LoginWithExistingAccountWrongPwd]]>
              </value>
            </param>
            <param index="1">
              <value>
                <![CDATA[Yes]]>
              </value>
            </param>
          </params>
          <reporter-output>
          </reporter-output>
        </test-method> <!-- testScenarios -->
        <test-method status="PASS" signature="testScenarios(java.lang.String, java.lang.String)[pri:0, instance:com.gdi.testexecutor.TestExecutor@18be83e4]" name="testScenarios" duration-ms="4546" started-at="2018-01-02T15:22:12Z" data-provider="getScenarios" finished-at="2018-01-02T15:22:16Z">
          <params>
            <param index="0">
              <value>
                <![CDATA[UC08_CreateAccountWithInvalidPassword]]>
              </value>
            </param>
            <param index="1">
              <value>
                <![CDATA[Yes]]>
              </value>
            </param>
          </params>
          <reporter-output>
          </reporter-output>
        </test-method> <!-- testScenarios -->
        <test-method status="PASS" signature="testScenarios(java.lang.String, java.lang.String)[pri:0, instance:com.gdi.testexecutor.TestExecutor@18be83e4]" name="testScenarios" duration-ms="3411" started-at="2018-01-02T15:22:16Z" data-provider="getScenarios" finished-at="2018-01-02T15:22:20Z">
          <params>
            <param index="0">
              <value>
                <![CDATA[UC09_Login]]>
              </value>
            </param>
            <param index="1">
              <value>
                <![CDATA[Yes]]>
              </value>
            </param>
          </params>
          <reporter-output>
          </reporter-output>
        </test-method> <!-- testScenarios -->
        <test-method status="PASS" signature="testScenarios(java.lang.String, java.lang.String)[pri:0, instance:com.gdi.testexecutor.TestExecutor@18be83e4]" name="testScenarios" duration-ms="25187" started-at="2018-01-02T15:22:20Z" data-provider="getScenarios" finished-at="2018-01-02T15:22:45Z">
          <params>
            <param index="0">
              <value>
                <![CDATA[UC10_EmptyBagMessage]]>
              </value>
            </param>
            <param index="1">
              <value>
                <![CDATA[Yes]]>
              </value>
            </param>
          </params>
          <reporter-output>
          </reporter-output>
        </test-method> <!-- testScenarios -->
        <test-method status="FAIL" signature="testScenarios(java.lang.String, java.lang.String)[pri:0, instance:com.gdi.testexecutor.TestExecutor@18be83e4]" name="testScenarios" duration-ms="1875" started-at="2018-01-02T15:22:45Z" data-provider="getScenarios" finished-at="2018-01-02T15:22:47Z">
          <params>
            <param index="0">
              <value>
                <![CDATA[UC11_WeHandPickedTheseForYou]]>
              </value>
            </param>
            <param index="1">
              <value>
                <![CDATA[Yes]]>
              </value>
            </param>
          </params>
          <exception class="org.openqa.selenium.NoSuchElementException">
            <message>
              <![CDATA[An element could not be located on the page using the given search parameters. (WARNING: The server did not provide any stacktrace information)
Command duration or timeout: 353 milliseconds
For documentation on this error, please visit: http://seleniumhq.org/exceptions/no_such_element.html
Build info: version: '2.53.0', revision: '35ae25b', time: '2016-03-15 17:00:58'
System info: host: 'DivyaT.local', ip: '192.168.3.171', os.name: 'Mac OS X', os.arch: 'x86_64', os.version: '10.12.6', java.version: '1.8.0_101'
Driver info: io.appium.java_client.android.AndroidDriver
Capabilities [{app=/Users/testuser/Downloads/app-v141-garage-ca-internal_qa.apk, platformVersion=6.0.1, automationName=uiautomator2, platformName=Android, deviceName=Redmi, platform=ANY}]
Session ID: 758d8ded-819b-4df9-a0ce-aefaadb6e00b
*** Element info: {Using=accessibility id, value=navigationbar_back_button}]]>
            </message>
            <full-stacktrace>
              <![CDATA[org.openqa.selenium.NoSuchElementException: An element could not be located on the page using the given search parameters. (WARNING: The server did not provide any stacktrace information)
Command duration or timeout: 353 milliseconds
For documentation on this error, please visit: http://seleniumhq.org/exceptions/no_such_element.html
Build info: version: '2.53.0', revision: '35ae25b', time: '2016-03-15 17:00:58'
System info: host: 'DivyaT.local', ip: '192.168.3.171', os.name: 'Mac OS X', os.arch: 'x86_64', os.version: '10.12.6', java.version: '1.8.0_101'
Driver info: io.appium.java_client.android.AndroidDriver
Capabilities [{app=/Users/testuser/Downloads/app-v141-garage-ca-internal_qa.apk, platformVersion=6.0.1, automationName=uiautomator2, platformName=Android, deviceName=Redmi, platform=ANY}]
Session ID: 758d8ded-819b-4df9-a0ce-aefaadb6e00b
*** Element info: {Using=accessibility id, value=navigationbar_back_button}
	at sun.reflect.GeneratedConstructorAccessor45.newInstance(Unknown Source)
	at sun.reflect.DelegatingConstructorAccessorImpl.newInstance(DelegatingConstructorAccessorImpl.java:45)
	at java.lang.reflect.Constructor.newInstance(Constructor.java:423)
	at org.openqa.selenium.remote.ErrorHandler.createThrowable(ErrorHandler.java:206)
	at org.openqa.selenium.remote.ErrorHandler.throwIfResponseFailed(ErrorHandler.java:158)
	at org.openqa.selenium.remote.RemoteWebDriver.execute(RemoteWebDriver.java:678)
	at io.appium.java_client.AppiumDriver.execute(AppiumDriver.java:180)
	at org.openqa.selenium.remote.RemoteWebDriver.findElement(RemoteWebDriver.java:363)
	at io.appium.java_client.AppiumDriver.findElementByAccessibilityId(AppiumDriver.java:587)
	at com.gdi.locators.CartLocators.backButton(CartLocators.java:39)
	at com.gdi.testscenarios.UC11_WeHandPickedTheseForYou.weHandPickedTheseForYou(UC11_WeHandPickedTheseForYou.java:25)
	at com.gdi.testscenarios.UC11_WeHandPickedTheseForYou.<init>(UC11_WeHandPickedTheseForYou.java:17)
	at com.gdi.testscenarios.TestScenarioMapper.executeFunction(TestScenarioMapper.java:52)
	at com.gdi.testexecutor.TestExecutor.testScenarios(TestExecutor.java:127)
	at sun.reflect.NativeMethodAccessorImpl.invoke0(Native Method)
	at sun.reflect.NativeMethodAccessorImpl.invoke(NativeMethodAccessorImpl.java:62)
	at sun.reflect.DelegatingMethodAccessorImpl.invoke(DelegatingMethodAccessorImpl.java:43)
	at java.lang.reflect.Method.invoke(Method.java:498)
	at org.testng.internal.MethodInvocationHelper.invokeMethod(MethodInvocationHelper.java:85)
	at org.testng.internal.Invoker.invokeMethod(Invoker.java:639)
	at org.testng.internal.Invoker.invokeTestMethod(Invoker.java:816)
	at org.testng.internal.Invoker.invokeTestMethods(Invoker.java:1124)
	at org.testng.internal.TestMethodWorker.invokeTestMethods(TestMethodWorker.java:125)
	at org.testng.internal.TestMethodWorker.run(TestMethodWorker.java:108)
	at org.testng.TestRunner.privateRun(TestRunner.java:774)
	at org.testng.TestRunner.run(TestRunner.java:624)
	at org.testng.SuiteRunner.runTest(SuiteRunner.java:359)
	at org.testng.SuiteRunner.runSequentially(SuiteRunner.java:354)
	at org.testng.SuiteRunner.privateRun(SuiteRunner.java:312)
	at org.testng.SuiteRunner.run(SuiteRunner.java:261)
	at org.testng.SuiteRunnerWorker.runSuite(SuiteRunnerWorker.java:52)
	at org.testng.SuiteRunnerWorker.run(SuiteRunnerWorker.java:86)
	at org.testng.TestNG.runSuitesSequentially(TestNG.java:1215)
	at org.testng.TestNG.runSuitesLocally(TestNG.java:1140)
	at org.testng.TestNG.run(TestNG.java:1048)
	at org.testng.remote.AbstractRemoteTestNG.run(AbstractRemoteTestNG.java:132)
	at org.testng.remote.RemoteTestNG.initAndRun(RemoteTestNG.java:236)
	at org.testng.remote.RemoteTestNG.main(RemoteTestNG.java:81)
]]>
            </full-stacktrace>
          </exception> <!-- org.openqa.selenium.NoSuchElementException -->
          <reporter-output>
          </reporter-output>
        </test-method> <!-- testScenarios -->
        <test-method status="PASS" signature="testScenarios(java.lang.String, java.lang.String)[pri:0, instance:com.gdi.testexecutor.TestExecutor@18be83e4]" name="testScenarios" duration-ms="1951" started-at="2018-01-02T15:22:47Z" data-provider="getScenarios" finished-at="2018-01-02T15:22:49Z">
          <params>
            <param index="0">
              <value>
                <![CDATA[UC12_VerifyElementsOnHomePage]]>
              </value>
            </param>
            <param index="1">
              <value>
                <![CDATA[Yes]]>
              </value>
            </param>
          </params>
          <reporter-output>
          </reporter-output>
        </test-method> <!-- testScenarios -->
        <test-method status="PASS" signature="testScenarios(java.lang.String, java.lang.String)[pri:0, instance:com.gdi.testexecutor.TestExecutor@18be83e4]" name="testScenarios" duration-ms="4749" started-at="2018-01-02T15:22:49Z" data-provider="getScenarios" finished-at="2018-01-02T15:22:54Z">
          <params>
            <param index="0">
              <value>
                <![CDATA[UC13_EmptyWishlistMessage]]>
              </value>
            </param>
            <param index="1">
              <value>
                <![CDATA[Yes]]>
              </value>
            </param>
          </params>
          <reporter-output>
          </reporter-output>
        </test-method> <!-- testScenarios -->
        <test-method status="PASS" signature="testScenarios(java.lang.String, java.lang.String)[pri:0, instance:com.gdi.testexecutor.TestExecutor@18be83e4]" name="testScenarios" duration-ms="20682" started-at="2018-01-02T15:22:54Z" data-provider="getScenarios" finished-at="2018-01-02T15:23:14Z">
          <params>
            <param index="0">
              <value>
                <![CDATA[UC14_CarousalLinks]]>
              </value>
            </param>
            <param index="1">
              <value>
                <![CDATA[Yes]]>
              </value>
            </param>
          </params>
          <reporter-output>
          </reporter-output>
        </test-method> <!-- testScenarios -->
        <test-method status="PASS" signature="testScenarios(java.lang.String, java.lang.String)[pri:0, instance:com.gdi.testexecutor.TestExecutor@18be83e4]" name="testScenarios" duration-ms="146484" started-at="2018-01-02T15:23:14Z" data-provider="getScenarios" finished-at="2018-01-02T15:25:41Z">
          <params>
            <param index="0">
              <value>
                <![CDATA[UC15_Categories]]>
              </value>
            </param>
            <param index="1">
              <value>
                <![CDATA[Yes]]>
              </value>
            </param>
          </params>
          <reporter-output>
          </reporter-output>
        </test-method> <!-- testScenarios -->
        <test-method status="PASS" signature="testScenarios(java.lang.String, java.lang.String)[pri:0, instance:com.gdi.testexecutor.TestExecutor@18be83e4]" name="testScenarios" duration-ms="16759" started-at="2018-01-02T15:25:41Z" data-provider="getScenarios" finished-at="2018-01-02T15:25:58Z">
          <params>
            <param index="0">
              <value>
                <![CDATA[UC16_GiftCard]]>
              </value>
            </param>
            <param index="1">
              <value>
                <![CDATA[Yes]]>
              </value>
            </param>
          </params>
          <reporter-output>
          </reporter-output>
        </test-method> <!-- testScenarios -->
        <test-method status="FAIL" signature="testScenarios(java.lang.String, java.lang.String)[pri:0, instance:com.gdi.testexecutor.TestExecutor@18be83e4]" name="testScenarios" duration-ms="2677" started-at="2018-01-02T15:25:58Z" data-provider="getScenarios" finished-at="2018-01-02T15:26:00Z">
          <params>
            <param index="0">
              <value>
                <![CDATA[UC17_FaqTermsPrivacyLinks]]>
              </value>
            </param>
            <param index="1">
              <value>
                <![CDATA[Yes]]>
              </value>
            </param>
          </params>
          <exception class="org.openqa.selenium.NoSuchElementException">
            <message>
              <![CDATA[An element could not be located on the page using the given search parameters. (WARNING: The server did not provide any stacktrace information)
Command duration or timeout: 59 milliseconds
For documentation on this error, please visit: http://seleniumhq.org/exceptions/no_such_element.html
Build info: version: '2.53.0', revision: '35ae25b', time: '2016-03-15 17:00:58'
System info: host: 'DivyaT.local', ip: '192.168.3.171', os.name: 'Mac OS X', os.arch: 'x86_64', os.version: '10.12.6', java.version: '1.8.0_101'
Driver info: io.appium.java_client.android.AndroidDriver
Capabilities [{app=/Users/testuser/Downloads/app-v141-garage-ca-internal_qa.apk, platformVersion=6.0.1, automationName=uiautomator2, platformName=Android, deviceName=Redmi, platform=ANY}]
Session ID: 758d8ded-819b-4df9-a0ce-aefaadb6e00b
*** Element info: {Using=accessibility id, value=faq}]]>
            </message>
            <full-stacktrace>
              <![CDATA[org.openqa.selenium.NoSuchElementException: An element could not be located on the page using the given search parameters. (WARNING: The server did not provide any stacktrace information)
Command duration or timeout: 59 milliseconds
For documentation on this error, please visit: http://seleniumhq.org/exceptions/no_such_element.html
Build info: version: '2.53.0', revision: '35ae25b', time: '2016-03-15 17:00:58'
System info: host: 'DivyaT.local', ip: '192.168.3.171', os.name: 'Mac OS X', os.arch: 'x86_64', os.version: '10.12.6', java.version: '1.8.0_101'
Driver info: io.appium.java_client.android.AndroidDriver
Capabilities [{app=/Users/testuser/Downloads/app-v141-garage-ca-internal_qa.apk, platformVersion=6.0.1, automationName=uiautomator2, platformName=Android, deviceName=Redmi, platform=ANY}]
Session ID: 758d8ded-819b-4df9-a0ce-aefaadb6e00b
*** Element info: {Using=accessibility id, value=faq}
	at sun.reflect.GeneratedConstructorAccessor45.newInstance(Unknown Source)
	at sun.reflect.DelegatingConstructorAccessorImpl.newInstance(DelegatingConstructorAccessorImpl.java:45)
	at java.lang.reflect.Constructor.newInstance(Constructor.java:423)
	at org.openqa.selenium.remote.ErrorHandler.createThrowable(ErrorHandler.java:206)
	at org.openqa.selenium.remote.ErrorHandler.throwIfResponseFailed(ErrorHandler.java:158)
	at org.openqa.selenium.remote.RemoteWebDriver.execute(RemoteWebDriver.java:678)
	at io.appium.java_client.AppiumDriver.execute(AppiumDriver.java:180)
	at org.openqa.selenium.remote.RemoteWebDriver.findElement(RemoteWebDriver.java:363)
	at io.appium.java_client.AppiumDriver.findElementByAccessibilityId(AppiumDriver.java:587)
	at com.gdi.locators.HomePageLocators.faq(HomePageLocators.java:142)
	at com.gdi.testscenarios.UC17_FaqTermsPrivacyLinks.faqTermsPrivacyLinks(UC17_FaqTermsPrivacyLinks.java:25)
	at com.gdi.testscenarios.UC17_FaqTermsPrivacyLinks.<init>(UC17_FaqTermsPrivacyLinks.java:17)
	at com.gdi.testscenarios.TestScenarioMapper.executeFunction(TestScenarioMapper.java:76)
	at com.gdi.testexecutor.TestExecutor.testScenarios(TestExecutor.java:127)
	at sun.reflect.GeneratedMethodAccessor2.invoke(Unknown Source)
	at sun.reflect.DelegatingMethodAccessorImpl.invoke(DelegatingMethodAccessorImpl.java:43)
	at java.lang.reflect.Method.invoke(Method.java:498)
	at org.testng.internal.MethodInvocationHelper.invokeMethod(MethodInvocationHelper.java:85)
	at org.testng.internal.Invoker.invokeMethod(Invoker.java:639)
	at org.testng.internal.Invoker.invokeTestMethod(Invoker.java:816)
	at org.testng.internal.Invoker.invokeTestMethods(Invoker.java:1124)
	at org.testng.internal.TestMethodWorker.invokeTestMethods(TestMethodWorker.java:125)
	at org.testng.internal.TestMethodWorker.run(TestMethodWorker.java:108)
	at org.testng.TestRunner.privateRun(TestRunner.java:774)
	at org.testng.TestRunner.run(TestRunner.java:624)
	at org.testng.SuiteRunner.runTest(SuiteRunner.java:359)
	at org.testng.SuiteRunner.runSequentially(SuiteRunner.java:354)
	at org.testng.SuiteRunner.privateRun(SuiteRunner.java:312)
	at org.testng.SuiteRunner.run(SuiteRunner.java:261)
	at org.testng.SuiteRunnerWorker.runSuite(SuiteRunnerWorker.java:52)
	at org.testng.SuiteRunnerWorker.run(SuiteRunnerWorker.java:86)
	at org.testng.TestNG.runSuitesSequentially(TestNG.java:1215)
	at org.testng.TestNG.runSuitesLocally(TestNG.java:1140)
	at org.testng.TestNG.run(TestNG.java:1048)
	at org.testng.remote.AbstractRemoteTestNG.run(AbstractRemoteTestNG.java:132)
	at org.testng.remote.RemoteTestNG.initAndRun(RemoteTestNG.java:236)
	at org.testng.remote.RemoteTestNG.main(RemoteTestNG.java:81)
]]>
            </full-stacktrace>
          </exception> <!-- org.openqa.selenium.NoSuchElementException -->
          <reporter-output>
          </reporter-output>
        </test-method> <!-- testScenarios -->
        <test-method status="FAIL" signature="testScenarios(java.lang.String, java.lang.String)[pri:0, instance:com.gdi.testexecutor.TestExecutor@18be83e4]" name="testScenarios" duration-ms="13928" started-at="2018-01-02T15:26:01Z" data-provider="getScenarios" finished-at="2018-01-02T15:26:15Z">
          <params>
            <param index="0">
              <value>
                <![CDATA[UC18_NavigateToSubCategiries]]>
              </value>
            </param>
            <param index="1">
              <value>
                <![CDATA[Yes]]>
              </value>
            </param>
          </params>
          <exception class="org.openqa.selenium.NoSuchElementException">
            <message>
              <![CDATA[An element could not be located on the page using the given search parameters. (WARNING: The server did not provide any stacktrace information)
Command duration or timeout: 614 milliseconds
For documentation on this error, please visit: http://seleniumhq.org/exceptions/no_such_element.html
Build info: version: '2.53.0', revision: '35ae25b', time: '2016-03-15 17:00:58'
System info: host: 'DivyaT.local', ip: '192.168.3.171', os.name: 'Mac OS X', os.arch: 'x86_64', os.version: '10.12.6', java.version: '1.8.0_101'
Driver info: io.appium.java_client.android.AndroidDriver
Capabilities [{app=/Users/testuser/Downloads/app-v141-garage-ca-internal_qa.apk, platformVersion=6.0.1, automationName=uiautomator2, platformName=Android, deviceName=Redmi, platform=ANY}]
Session ID: 758d8ded-819b-4df9-a0ce-aefaadb6e00b
*** Element info: {Using=accessibility id, value=TOPS}]]>
            </message>
            <full-stacktrace>
              <![CDATA[org.openqa.selenium.NoSuchElementException: An element could not be located on the page using the given search parameters. (WARNING: The server did not provide any stacktrace information)
Command duration or timeout: 614 milliseconds
For documentation on this error, please visit: http://seleniumhq.org/exceptions/no_such_element.html
Build info: version: '2.53.0', revision: '35ae25b', time: '2016-03-15 17:00:58'
System info: host: 'DivyaT.local', ip: '192.168.3.171', os.name: 'Mac OS X', os.arch: 'x86_64', os.version: '10.12.6', java.version: '1.8.0_101'
Driver info: io.appium.java_client.android.AndroidDriver
Capabilities [{app=/Users/testuser/Downloads/app-v141-garage-ca-internal_qa.apk, platformVersion=6.0.1, automationName=uiautomator2, platformName=Android, deviceName=Redmi, platform=ANY}]
Session ID: 758d8ded-819b-4df9-a0ce-aefaadb6e00b
*** Element info: {Using=accessibility id, value=TOPS}
	at sun.reflect.GeneratedConstructorAccessor45.newInstance(Unknown Source)
	at sun.reflect.DelegatingConstructorAccessorImpl.newInstance(DelegatingConstructorAccessorImpl.java:45)
	at java.lang.reflect.Constructor.newInstance(Constructor.java:423)
	at org.openqa.selenium.remote.ErrorHandler.createThrowable(ErrorHandler.java:206)
	at org.openqa.selenium.remote.ErrorHandler.throwIfResponseFailed(ErrorHandler.java:158)
	at org.openqa.selenium.remote.RemoteWebDriver.execute(RemoteWebDriver.java:678)
	at io.appium.java_client.AppiumDriver.execute(AppiumDriver.java:180)
	at org.openqa.selenium.remote.RemoteWebDriver.findElement(RemoteWebDriver.java:363)
	at io.appium.java_client.AppiumDriver.findElementByAccessibilityId(AppiumDriver.java:587)
	at com.gdi.locators.HomePageLocators.tops(HomePageLocators.java:103)
	at com.gdi.testscenarios.UC18_NavigateToSubCategiries.navigateToSubCategiries(UC18_NavigateToSubCategiries.java:35)
	at com.gdi.testscenarios.UC18_NavigateToSubCategiries.<init>(UC18_NavigateToSubCategiries.java:20)
	at com.gdi.testscenarios.TestScenarioMapper.executeFunction(TestScenarioMapper.java:80)
	at com.gdi.testexecutor.TestExecutor.testScenarios(TestExecutor.java:127)
	at sun.reflect.GeneratedMethodAccessor2.invoke(Unknown Source)
	at sun.reflect.DelegatingMethodAccessorImpl.invoke(DelegatingMethodAccessorImpl.java:43)
	at java.lang.reflect.Method.invoke(Method.java:498)
	at org.testng.internal.MethodInvocationHelper.invokeMethod(MethodInvocationHelper.java:85)
	at org.testng.internal.Invoker.invokeMethod(Invoker.java:639)
	at org.testng.internal.Invoker.invokeTestMethod(Invoker.java:816)
	at org.testng.internal.Invoker.invokeTestMethods(Invoker.java:1124)
	at org.testng.internal.TestMethodWorker.invokeTestMethods(TestMethodWorker.java:125)
	at org.testng.internal.TestMethodWorker.run(TestMethodWorker.java:108)
	at org.testng.TestRunner.privateRun(TestRunner.java:774)
	at org.testng.TestRunner.run(TestRunner.java:624)
	at org.testng.SuiteRunner.runTest(SuiteRunner.java:359)
	at org.testng.SuiteRunner.runSequentially(SuiteRunner.java:354)
	at org.testng.SuiteRunner.privateRun(SuiteRunner.java:312)
	at org.testng.SuiteRunner.run(SuiteRunner.java:261)
	at org.testng.SuiteRunnerWorker.runSuite(SuiteRunnerWorker.java:52)
	at org.testng.SuiteRunnerWorker.run(SuiteRunnerWorker.java:86)
	at org.testng.TestNG.runSuitesSequentially(TestNG.java:1215)
	at org.testng.TestNG.runSuitesLocally(TestNG.java:1140)
	at org.testng.TestNG.run(TestNG.java:1048)
	at org.testng.remote.AbstractRemoteTestNG.run(AbstractRemoteTestNG.java:132)
	at org.testng.remote.RemoteTestNG.initAndRun(RemoteTestNG.java:236)
	at org.testng.remote.RemoteTestNG.main(RemoteTestNG.java:81)
]]>
            </full-stacktrace>
          </exception> <!-- org.openqa.selenium.NoSuchElementException -->
          <reporter-output>
          </reporter-output>
        </test-method> <!-- testScenarios -->
        <test-method status="FAIL" signature="testScenarios(java.lang.String, java.lang.String)[pri:0, instance:com.gdi.testexecutor.TestExecutor@18be83e4]" name="testScenarios" duration-ms="3043" started-at="2018-01-02T15:26:15Z" data-provider="getScenarios" finished-at="2018-01-02T15:26:18Z">
          <params>
            <param index="0">
              <value>
                <![CDATA[UC19_Filters]]>
              </value>
            </param>
            <param index="1">
              <value>
                <![CDATA[Yes]]>
              </value>
            </param>
          </params>
          <exception class="org.openqa.selenium.NoSuchElementException">
            <message>
              <![CDATA[An element could not be located on the page using the given search parameters. (WARNING: The server did not provide any stacktrace information)
Command duration or timeout: 38 milliseconds
For documentation on this error, please visit: http://seleniumhq.org/exceptions/no_such_element.html
Build info: version: '2.53.0', revision: '35ae25b', time: '2016-03-15 17:00:58'
System info: host: 'DivyaT.local', ip: '192.168.3.171', os.name: 'Mac OS X', os.arch: 'x86_64', os.version: '10.12.6', java.version: '1.8.0_101'
Driver info: io.appium.java_client.android.AndroidDriver
Capabilities [{app=/Users/testuser/Downloads/app-v141-garage-ca-internal_qa.apk, platformVersion=6.0.1, automationName=uiautomator2, platformName=Android, deviceName=Redmi, platform=ANY}]
Session ID: 758d8ded-819b-4df9-a0ce-aefaadb6e00b
*** Element info: {Using=accessibility id, value=filter_button}]]>
            </message>
            <full-stacktrace>
              <![CDATA[org.openqa.selenium.NoSuchElementException: An element could not be located on the page using the given search parameters. (WARNING: The server did not provide any stacktrace information)
Command duration or timeout: 38 milliseconds
For documentation on this error, please visit: http://seleniumhq.org/exceptions/no_such_element.html
Build info: version: '2.53.0', revision: '35ae25b', time: '2016-03-15 17:00:58'
System info: host: 'DivyaT.local', ip: '192.168.3.171', os.name: 'Mac OS X', os.arch: 'x86_64', os.version: '10.12.6', java.version: '1.8.0_101'
Driver info: io.appium.java_client.android.AndroidDriver
Capabilities [{app=/Users/testuser/Downloads/app-v141-garage-ca-internal_qa.apk, platformVersion=6.0.1, automationName=uiautomator2, platformName=Android, deviceName=Redmi, platform=ANY}]
Session ID: 758d8ded-819b-4df9-a0ce-aefaadb6e00b
*** Element info: {Using=accessibility id, value=filter_button}
	at sun.reflect.GeneratedConstructorAccessor45.newInstance(Unknown Source)
	at sun.reflect.DelegatingConstructorAccessorImpl.newInstance(DelegatingConstructorAccessorImpl.java:45)
	at java.lang.reflect.Constructor.newInstance(Constructor.java:423)
	at org.openqa.selenium.remote.ErrorHandler.createThrowable(ErrorHandler.java:206)
	at org.openqa.selenium.remote.ErrorHandler.throwIfResponseFailed(ErrorHandler.java:158)
	at org.openqa.selenium.remote.RemoteWebDriver.execute(RemoteWebDriver.java:678)
	at io.appium.java_client.AppiumDriver.execute(AppiumDriver.java:180)
	at org.openqa.selenium.remote.RemoteWebDriver.findElement(RemoteWebDriver.java:363)
	at io.appium.java_client.AppiumDriver.findElementByAccessibilityId(AppiumDriver.java:587)
	at com.gdi.locators.PLPLocators.filterButton(PLPLocators.java:41)
	at com.gdi.testscenarios.UC19_Filters.filters(UC19_Filters.java:25)
	at com.gdi.testscenarios.UC19_Filters.<init>(UC19_Filters.java:19)
	at com.gdi.testscenarios.TestScenarioMapper.executeFunction(TestScenarioMapper.java:84)
	at com.gdi.testexecutor.TestExecutor.testScenarios(TestExecutor.java:127)
	at sun.reflect.GeneratedMethodAccessor2.invoke(Unknown Source)
	at sun.reflect.DelegatingMethodAccessorImpl.invoke(DelegatingMethodAccessorImpl.java:43)
	at java.lang.reflect.Method.invoke(Method.java:498)
	at org.testng.internal.MethodInvocationHelper.invokeMethod(MethodInvocationHelper.java:85)
	at org.testng.internal.Invoker.invokeMethod(Invoker.java:639)
	at org.testng.internal.Invoker.invokeTestMethod(Invoker.java:816)
	at org.testng.internal.Invoker.invokeTestMethods(Invoker.java:1124)
	at org.testng.internal.TestMethodWorker.invokeTestMethods(TestMethodWorker.java:125)
	at org.testng.internal.TestMethodWorker.run(TestMethodWorker.java:108)
	at org.testng.TestRunner.privateRun(TestRunner.java:774)
	at org.testng.TestRunner.run(TestRunner.java:624)
	at org.testng.SuiteRunner.runTest(SuiteRunner.java:359)
	at org.testng.SuiteRunner.runSequentially(SuiteRunner.java:354)
	at org.testng.SuiteRunner.privateRun(SuiteRunner.java:312)
	at org.testng.SuiteRunner.run(SuiteRunner.java:261)
	at org.testng.SuiteRunnerWorker.runSuite(SuiteRunnerWorker.java:52)
	at org.testng.SuiteRunnerWorker.run(SuiteRunnerWorker.java:86)
	at org.testng.TestNG.runSuitesSequentially(TestNG.java:1215)
	at org.testng.TestNG.runSuitesLocally(TestNG.java:1140)
	at org.testng.TestNG.run(TestNG.java:1048)
	at org.testng.remote.AbstractRemoteTestNG.run(AbstractRemoteTestNG.java:132)
	at org.testng.remote.RemoteTestNG.initAndRun(RemoteTestNG.java:236)
	at org.testng.remote.RemoteTestNG.main(RemoteTestNG.java:81)
]]>
            </full-stacktrace>
          </exception> <!-- org.openqa.selenium.NoSuchElementException -->
          <reporter-output>
          </reporter-output>
        </test-method> <!-- testScenarios -->
        <test-method status="FAIL" signature="testScenarios(java.lang.String, java.lang.String)[pri:0, instance:com.gdi.testexecutor.TestExecutor@18be83e4]" name="testScenarios" duration-ms="10067" started-at="2018-01-02T15:26:18Z" data-provider="getScenarios" finished-at="2018-01-02T15:26:28Z">
          <params>
            <param index="0">
              <value>
                <![CDATA[UC20_ImageZoom]]>
              </value>
            </param>
            <param index="1">
              <value>
                <![CDATA[Yes]]>
              </value>
            </param>
          </params>
          <exception class="org.openqa.selenium.NoSuchElementException">
            <message>
              <![CDATA[An element could not be located on the page using the given search parameters. (WARNING: The server did not provide any stacktrace information)
Command duration or timeout: 62 milliseconds
For documentation on this error, please visit: http://seleniumhq.org/exceptions/no_such_element.html
Build info: version: '2.53.0', revision: '35ae25b', time: '2016-03-15 17:00:58'
System info: host: 'DivyaT.local', ip: '192.168.3.171', os.name: 'Mac OS X', os.arch: 'x86_64', os.version: '10.12.6', java.version: '1.8.0_101'
Driver info: io.appium.java_client.android.AndroidDriver
Capabilities [{app=/Users/testuser/Downloads/app-v141-garage-ca-internal_qa.apk, platformVersion=6.0.1, automationName=uiautomator2, platformName=Android, deviceName=Redmi, platform=ANY}]
Session ID: 758d8ded-819b-4df9-a0ce-aefaadb6e00b
*** Element info: {Using=accessibility id, value=product_image}]]>
            </message>
            <full-stacktrace>
              <![CDATA[org.openqa.selenium.NoSuchElementException: An element could not be located on the page using the given search parameters. (WARNING: The server did not provide any stacktrace information)
Command duration or timeout: 62 milliseconds
For documentation on this error, please visit: http://seleniumhq.org/exceptions/no_such_element.html
Build info: version: '2.53.0', revision: '35ae25b', time: '2016-03-15 17:00:58'
System info: host: 'DivyaT.local', ip: '192.168.3.171', os.name: 'Mac OS X', os.arch: 'x86_64', os.version: '10.12.6', java.version: '1.8.0_101'
Driver info: io.appium.java_client.android.AndroidDriver
Capabilities [{app=/Users/testuser/Downloads/app-v141-garage-ca-internal_qa.apk, platformVersion=6.0.1, automationName=uiautomator2, platformName=Android, deviceName=Redmi, platform=ANY}]
Session ID: 758d8ded-819b-4df9-a0ce-aefaadb6e00b
*** Element info: {Using=accessibility id, value=product_image}
	at sun.reflect.GeneratedConstructorAccessor45.newInstance(Unknown Source)
	at sun.reflect.DelegatingConstructorAccessorImpl.newInstance(DelegatingConstructorAccessorImpl.java:45)
	at java.lang.reflect.Constructor.newInstance(Constructor.java:423)
	at org.openqa.selenium.remote.ErrorHandler.createThrowable(ErrorHandler.java:206)
	at org.openqa.selenium.remote.ErrorHandler.throwIfResponseFailed(ErrorHandler.java:158)
	at org.openqa.selenium.remote.RemoteWebDriver.execute(RemoteWebDriver.java:678)
	at io.appium.java_client.AppiumDriver.execute(AppiumDriver.java:180)
	at org.openqa.selenium.remote.RemoteWebDriver.findElement(RemoteWebDriver.java:363)
	at io.appium.java_client.AppiumDriver.findElementByAccessibilityId(AppiumDriver.java:587)
	at com.gdi.locators.PDPLocators.productImage(PDPLocators.java:26)
	at com.gdi.testscenarios.UC20_ImageZoom.imageZoom(UC20_ImageZoom.java:23)
	at com.gdi.testscenarios.UC20_ImageZoom.<init>(UC20_ImageZoom.java:17)
	at com.gdi.testscenarios.TestScenarioMapper.executeFunction(TestScenarioMapper.java:88)
	at com.gdi.testexecutor.TestExecutor.testScenarios(TestExecutor.java:127)
	at sun.reflect.GeneratedMethodAccessor2.invoke(Unknown Source)
	at sun.reflect.DelegatingMethodAccessorImpl.invoke(DelegatingMethodAccessorImpl.java:43)
	at java.lang.reflect.Method.invoke(Method.java:498)
	at org.testng.internal.MethodInvocationHelper.invokeMethod(MethodInvocationHelper.java:85)
	at org.testng.internal.Invoker.invokeMethod(Invoker.java:639)
	at org.testng.internal.Invoker.invokeTestMethod(Invoker.java:816)
	at org.testng.internal.Invoker.invokeTestMethods(Invoker.java:1124)
	at org.testng.internal.TestMethodWorker.invokeTestMethods(TestMethodWorker.java:125)
	at org.testng.internal.TestMethodWorker.run(TestMethodWorker.java:108)
	at org.testng.TestRunner.privateRun(TestRunner.java:774)
	at org.testng.TestRunner.run(TestRunner.java:624)
	at org.testng.SuiteRunner.runTest(SuiteRunner.java:359)
	at org.testng.SuiteRunner.runSequentially(SuiteRunner.java:354)
	at org.testng.SuiteRunner.privateRun(SuiteRunner.java:312)
	at org.testng.SuiteRunner.run(SuiteRunner.java:261)
	at org.testng.SuiteRunnerWorker.runSuite(SuiteRunnerWorker.java:52)
	at org.testng.SuiteRunnerWorker.run(SuiteRunnerWorker.java:86)
	at org.testng.TestNG.runSuitesSequentially(TestNG.java:1215)
	at org.testng.TestNG.runSuitesLocally(TestNG.java:1140)
	at org.testng.TestNG.run(TestNG.java:1048)
	at org.testng.remote.AbstractRemoteTestNG.run(AbstractRemoteTestNG.java:132)
	at org.testng.remote.RemoteTestNG.initAndRun(RemoteTestNG.java:236)
	at org.testng.remote.RemoteTestNG.main(RemoteTestNG.java:81)
]]>
            </full-stacktrace>
          </exception> <!-- org.openqa.selenium.NoSuchElementException -->
          <reporter-output>
          </reporter-output>
        </test-method> <!-- testScenarios -->
        <test-method status="FAIL" signature="testScenarios(java.lang.String, java.lang.String)[pri:0, instance:com.gdi.testexecutor.TestExecutor@18be83e4]" name="testScenarios" duration-ms="65" started-at="2018-01-02T15:26:28Z" data-provider="getScenarios" finished-at="2018-01-02T15:26:28Z">
          <params>
            <param index="0">
              <value>
                <![CDATA[UC21_TextPrice]]>
              </value>
            </param>
            <param index="1">
              <value>
                <![CDATA[Yes]]>
              </value>
            </param>
          </params>
          <exception class="org.openqa.selenium.NoSuchElementException">
            <message>
              <![CDATA[An element could not be located on the page using the given search parameters. (WARNING: The server did not provide any stacktrace information)
Command duration or timeout: 63 milliseconds
For documentation on this error, please visit: http://seleniumhq.org/exceptions/no_such_element.html
Build info: version: '2.53.0', revision: '35ae25b', time: '2016-03-15 17:00:58'
System info: host: 'DivyaT.local', ip: '192.168.3.171', os.name: 'Mac OS X', os.arch: 'x86_64', os.version: '10.12.6', java.version: '1.8.0_101'
Driver info: io.appium.java_client.android.AndroidDriver
Capabilities [{app=/Users/testuser/Downloads/app-v141-garage-ca-internal_qa.apk, platformVersion=6.0.1, automationName=uiautomator2, platformName=Android, deviceName=Redmi, platform=ANY}]
Session ID: 758d8ded-819b-4df9-a0ce-aefaadb6e00b
*** Element info: {Using=accessibility id, value=product_price}]]>
            </message>
            <full-stacktrace>
              <![CDATA[org.openqa.selenium.NoSuchElementException: An element could not be located on the page using the given search parameters. (WARNING: The server did not provide any stacktrace information)
Command duration or timeout: 63 milliseconds
For documentation on this error, please visit: http://seleniumhq.org/exceptions/no_such_element.html
Build info: version: '2.53.0', revision: '35ae25b', time: '2016-03-15 17:00:58'
System info: host: 'DivyaT.local', ip: '192.168.3.171', os.name: 'Mac OS X', os.arch: 'x86_64', os.version: '10.12.6', java.version: '1.8.0_101'
Driver info: io.appium.java_client.android.AndroidDriver
Capabilities [{app=/Users/testuser/Downloads/app-v141-garage-ca-internal_qa.apk, platformVersion=6.0.1, automationName=uiautomator2, platformName=Android, deviceName=Redmi, platform=ANY}]
Session ID: 758d8ded-819b-4df9-a0ce-aefaadb6e00b
*** Element info: {Using=accessibility id, value=product_price}
	at sun.reflect.GeneratedConstructorAccessor45.newInstance(Unknown Source)
	at sun.reflect.DelegatingConstructorAccessorImpl.newInstance(DelegatingConstructorAccessorImpl.java:45)
	at java.lang.reflect.Constructor.newInstance(Constructor.java:423)
	at org.openqa.selenium.remote.ErrorHandler.createThrowable(ErrorHandler.java:206)
	at org.openqa.selenium.remote.ErrorHandler.throwIfResponseFailed(ErrorHandler.java:158)
	at org.openqa.selenium.remote.RemoteWebDriver.execute(RemoteWebDriver.java:678)
	at io.appium.java_client.AppiumDriver.execute(AppiumDriver.java:180)
	at org.openqa.selenium.remote.RemoteWebDriver.findElement(RemoteWebDriver.java:363)
	at io.appium.java_client.AppiumDriver.findElementByAccessibilityId(AppiumDriver.java:587)
	at com.gdi.locators.PDPLocators.textPrice(PDPLocators.java:30)
	at com.gdi.testscenarios.UC21_TextPrice.textPrice(UC21_TextPrice.java:21)
	at com.gdi.testscenarios.UC21_TextPrice.<init>(UC21_TextPrice.java:16)
	at com.gdi.testscenarios.TestScenarioMapper.executeFunction(TestScenarioMapper.java:92)
	at com.gdi.testexecutor.TestExecutor.testScenarios(TestExecutor.java:127)
	at sun.reflect.GeneratedMethodAccessor2.invoke(Unknown Source)
	at sun.reflect.DelegatingMethodAccessorImpl.invoke(DelegatingMethodAccessorImpl.java:43)
	at java.lang.reflect.Method.invoke(Method.java:498)
	at org.testng.internal.MethodInvocationHelper.invokeMethod(MethodInvocationHelper.java:85)
	at org.testng.internal.Invoker.invokeMethod(Invoker.java:639)
	at org.testng.internal.Invoker.invokeTestMethod(Invoker.java:816)
	at org.testng.internal.Invoker.invokeTestMethods(Invoker.java:1124)
	at org.testng.internal.TestMethodWorker.invokeTestMethods(TestMethodWorker.java:125)
	at org.testng.internal.TestMethodWorker.run(TestMethodWorker.java:108)
	at org.testng.TestRunner.privateRun(TestRunner.java:774)
	at org.testng.TestRunner.run(TestRunner.java:624)
	at org.testng.SuiteRunner.runTest(SuiteRunner.java:359)
	at org.testng.SuiteRunner.runSequentially(SuiteRunner.java:354)
	at org.testng.SuiteRunner.privateRun(SuiteRunner.java:312)
	at org.testng.SuiteRunner.run(SuiteRunner.java:261)
	at org.testng.SuiteRunnerWorker.runSuite(SuiteRunnerWorker.java:52)
	at org.testng.SuiteRunnerWorker.run(SuiteRunnerWorker.java:86)
	at org.testng.TestNG.runSuitesSequentially(TestNG.java:1215)
	at org.testng.TestNG.runSuitesLocally(TestNG.java:1140)
	at org.testng.TestNG.run(TestNG.java:1048)
	at org.testng.remote.AbstractRemoteTestNG.run(AbstractRemoteTestNG.java:132)
	at org.testng.remote.RemoteTestNG.initAndRun(RemoteTestNG.java:236)
	at org.testng.remote.RemoteTestNG.main(RemoteTestNG.java:81)
]]>
            </full-stacktrace>
          </exception> <!-- org.openqa.selenium.NoSuchElementException -->
          <reporter-output>
          </reporter-output>
        </test-method> <!-- testScenarios -->
        <test-method status="FAIL" signature="testScenarios(java.lang.String, java.lang.String)[pri:0, instance:com.gdi.testexecutor.TestExecutor@18be83e4]" name="testScenarios" duration-ms="63" started-at="2018-01-02T15:26:28Z" data-provider="getScenarios" finished-at="2018-01-02T15:26:28Z">
          <params>
            <param index="0">
              <value>
                <![CDATA[UC22_SendShare]]>
              </value>
            </param>
            <param index="1">
              <value>
                <![CDATA[Yes]]>
              </value>
            </param>
          </params>
          <exception class="org.openqa.selenium.NoSuchElementException">
            <message>
              <![CDATA[An element could not be located on the page using the given search parameters. (WARNING: The server did not provide any stacktrace information)
Command duration or timeout: 61 milliseconds
For documentation on this error, please visit: http://seleniumhq.org/exceptions/no_such_element.html
Build info: version: '2.53.0', revision: '35ae25b', time: '2016-03-15 17:00:58'
System info: host: 'DivyaT.local', ip: '192.168.3.171', os.name: 'Mac OS X', os.arch: 'x86_64', os.version: '10.12.6', java.version: '1.8.0_101'
Driver info: io.appium.java_client.android.AndroidDriver
Capabilities [{app=/Users/testuser/Downloads/app-v141-garage-ca-internal_qa.apk, platformVersion=6.0.1, automationName=uiautomator2, platformName=Android, deviceName=Redmi, platform=ANY}]
Session ID: 758d8ded-819b-4df9-a0ce-aefaadb6e00b
*** Element info: {Using=accessibility id, value=share_button}]]>
            </message>
            <full-stacktrace>
              <![CDATA[org.openqa.selenium.NoSuchElementException: An element could not be located on the page using the given search parameters. (WARNING: The server did not provide any stacktrace information)
Command duration or timeout: 61 milliseconds
For documentation on this error, please visit: http://seleniumhq.org/exceptions/no_such_element.html
Build info: version: '2.53.0', revision: '35ae25b', time: '2016-03-15 17:00:58'
System info: host: 'DivyaT.local', ip: '192.168.3.171', os.name: 'Mac OS X', os.arch: 'x86_64', os.version: '10.12.6', java.version: '1.8.0_101'
Driver info: io.appium.java_client.android.AndroidDriver
Capabilities [{app=/Users/testuser/Downloads/app-v141-garage-ca-internal_qa.apk, platformVersion=6.0.1, automationName=uiautomator2, platformName=Android, deviceName=Redmi, platform=ANY}]
Session ID: 758d8ded-819b-4df9-a0ce-aefaadb6e00b
*** Element info: {Using=accessibility id, value=share_button}
	at sun.reflect.GeneratedConstructorAccessor45.newInstance(Unknown Source)
	at sun.reflect.DelegatingConstructorAccessorImpl.newInstance(DelegatingConstructorAccessorImpl.java:45)
	at java.lang.reflect.Constructor.newInstance(Constructor.java:423)
	at org.openqa.selenium.remote.ErrorHandler.createThrowable(ErrorHandler.java:206)
	at org.openqa.selenium.remote.ErrorHandler.throwIfResponseFailed(ErrorHandler.java:158)
	at org.openqa.selenium.remote.RemoteWebDriver.execute(RemoteWebDriver.java:678)
	at io.appium.java_client.AppiumDriver.execute(AppiumDriver.java:180)
	at org.openqa.selenium.remote.RemoteWebDriver.findElement(RemoteWebDriver.java:363)
	at io.appium.java_client.AppiumDriver.findElementByAccessibilityId(AppiumDriver.java:587)
	at com.gdi.locators.PDPLocators.sendShare(PDPLocators.java:33)
	at com.gdi.testscenarios.UC22_SendShare.sendShare(UC22_SendShare.java:24)
	at com.gdi.testscenarios.UC22_SendShare.<init>(UC22_SendShare.java:18)
	at com.gdi.testscenarios.TestScenarioMapper.executeFunction(TestScenarioMapper.java:96)
	at com.gdi.testexecutor.TestExecutor.testScenarios(TestExecutor.java:127)
	at sun.reflect.GeneratedMethodAccessor2.invoke(Unknown Source)
	at sun.reflect.DelegatingMethodAccessorImpl.invoke(DelegatingMethodAccessorImpl.java:43)
	at java.lang.reflect.Method.invoke(Method.java:498)
	at org.testng.internal.MethodInvocationHelper.invokeMethod(MethodInvocationHelper.java:85)
	at org.testng.internal.Invoker.invokeMethod(Invoker.java:639)
	at org.testng.internal.Invoker.invokeTestMethod(Invoker.java:816)
	at org.testng.internal.Invoker.invokeTestMethods(Invoker.java:1124)
	at org.testng.internal.TestMethodWorker.invokeTestMethods(TestMethodWorker.java:125)
	at org.testng.internal.TestMethodWorker.run(TestMethodWorker.java:108)
	at org.testng.TestRunner.privateRun(TestRunner.java:774)
	at org.testng.TestRunner.run(TestRunner.java:624)
	at org.testng.SuiteRunner.runTest(SuiteRunner.java:359)
	at org.testng.SuiteRunner.runSequentially(SuiteRunner.java:354)
	at org.testng.SuiteRunner.privateRun(SuiteRunner.java:312)
	at org.testng.SuiteRunner.run(SuiteRunner.java:261)
	at org.testng.SuiteRunnerWorker.runSuite(SuiteRunnerWorker.java:52)
	at org.testng.SuiteRunnerWorker.run(SuiteRunnerWorker.java:86)
	at org.testng.TestNG.runSuitesSequentially(TestNG.java:1215)
	at org.testng.TestNG.runSuitesLocally(TestNG.java:1140)
	at org.testng.TestNG.run(TestNG.java:1048)
	at org.testng.remote.AbstractRemoteTestNG.run(AbstractRemoteTestNG.java:132)
	at org.testng.remote.RemoteTestNG.initAndRun(RemoteTestNG.java:236)
	at org.testng.remote.RemoteTestNG.main(RemoteTestNG.java:81)
]]>
            </full-stacktrace>
          </exception> <!-- org.openqa.selenium.NoSuchElementException -->
          <reporter-output>
          </reporter-output>
        </test-method> <!-- testScenarios -->
        <test-method status="FAIL" signature="testScenarios(java.lang.String, java.lang.String)[pri:0, instance:com.gdi.testexecutor.TestExecutor@18be83e4]" name="testScenarios" duration-ms="33409" started-at="2018-01-02T15:26:28Z" data-provider="getScenarios" finished-at="2018-01-02T15:27:01Z">
          <params>
            <param index="0">
              <value>
                <![CDATA[UC23_SizeSelection]]>
              </value>
            </param>
            <param index="1">
              <value>
                <![CDATA[Yes]]>
              </value>
            </param>
          </params>
          <exception class="org.openqa.selenium.NoSuchElementException">
            <message>
              <![CDATA[An element could not be located on the page using the given search parameters. (WARNING: The server did not provide any stacktrace information)
Command duration or timeout: 58 milliseconds
For documentation on this error, please visit: http://seleniumhq.org/exceptions/no_such_element.html
Build info: version: '2.53.0', revision: '35ae25b', time: '2016-03-15 17:00:58'
System info: host: 'DivyaT.local', ip: '192.168.3.171', os.name: 'Mac OS X', os.arch: 'x86_64', os.version: '10.12.6', java.version: '1.8.0_101'
Driver info: io.appium.java_client.android.AndroidDriver
Capabilities [{app=/Users/testuser/Downloads/app-v141-garage-ca-internal_qa.apk, platformVersion=6.0.1, automationName=uiautomator2, platformName=Android, deviceName=Redmi, platform=ANY}]
Session ID: 758d8ded-819b-4df9-a0ce-aefaadb6e00b
*** Element info: {Using=accessibility id, value=size_button}]]>
            </message>
            <full-stacktrace>
              <![CDATA[org.openqa.selenium.NoSuchElementException: An element could not be located on the page using the given search parameters. (WARNING: The server did not provide any stacktrace information)
Command duration or timeout: 58 milliseconds
For documentation on this error, please visit: http://seleniumhq.org/exceptions/no_such_element.html
Build info: version: '2.53.0', revision: '35ae25b', time: '2016-03-15 17:00:58'
System info: host: 'DivyaT.local', ip: '192.168.3.171', os.name: 'Mac OS X', os.arch: 'x86_64', os.version: '10.12.6', java.version: '1.8.0_101'
Driver info: io.appium.java_client.android.AndroidDriver
Capabilities [{app=/Users/testuser/Downloads/app-v141-garage-ca-internal_qa.apk, platformVersion=6.0.1, automationName=uiautomator2, platformName=Android, deviceName=Redmi, platform=ANY}]
Session ID: 758d8ded-819b-4df9-a0ce-aefaadb6e00b
*** Element info: {Using=accessibility id, value=size_button}
	at sun.reflect.GeneratedConstructorAccessor45.newInstance(Unknown Source)
	at sun.reflect.DelegatingConstructorAccessorImpl.newInstance(DelegatingConstructorAccessorImpl.java:45)
	at java.lang.reflect.Constructor.newInstance(Constructor.java:423)
	at org.openqa.selenium.remote.ErrorHandler.createThrowable(ErrorHandler.java:206)
	at org.openqa.selenium.remote.ErrorHandler.throwIfResponseFailed(ErrorHandler.java:158)
	at org.openqa.selenium.remote.RemoteWebDriver.execute(RemoteWebDriver.java:678)
	at io.appium.java_client.AppiumDriver.execute(AppiumDriver.java:180)
	at org.openqa.selenium.remote.RemoteWebDriver.findElement(RemoteWebDriver.java:363)
	at io.appium.java_client.AppiumDriver.findElementByAccessibilityId(AppiumDriver.java:587)
	at com.gdi.locators.PDPLocators.sizePanel(PDPLocators.java:40)
	at com.gdi.testscenarios.UC23_SizeSelection.sizeSelection(UC23_SizeSelection.java:26)
	at com.gdi.testscenarios.UC23_SizeSelection.<init>(UC23_SizeSelection.java:18)
	at com.gdi.testscenarios.TestScenarioMapper.executeFunction(TestScenarioMapper.java:100)
	at com.gdi.testexecutor.TestExecutor.testScenarios(TestExecutor.java:127)
	at sun.reflect.GeneratedMethodAccessor2.invoke(Unknown Source)
	at sun.reflect.DelegatingMethodAccessorImpl.invoke(DelegatingMethodAccessorImpl.java:43)
	at java.lang.reflect.Method.invoke(Method.java:498)
	at org.testng.internal.MethodInvocationHelper.invokeMethod(MethodInvocationHelper.java:85)
	at org.testng.internal.Invoker.invokeMethod(Invoker.java:639)
	at org.testng.internal.Invoker.invokeTestMethod(Invoker.java:816)
	at org.testng.internal.Invoker.invokeTestMethods(Invoker.java:1124)
	at org.testng.internal.TestMethodWorker.invokeTestMethods(TestMethodWorker.java:125)
	at org.testng.internal.TestMethodWorker.run(TestMethodWorker.java:108)
	at org.testng.TestRunner.privateRun(TestRunner.java:774)
	at org.testng.TestRunner.run(TestRunner.java:624)
	at org.testng.SuiteRunner.runTest(SuiteRunner.java:359)
	at org.testng.SuiteRunner.runSequentially(SuiteRunner.java:354)
	at org.testng.SuiteRunner.privateRun(SuiteRunner.java:312)
	at org.testng.SuiteRunner.run(SuiteRunner.java:261)
	at org.testng.SuiteRunnerWorker.runSuite(SuiteRunnerWorker.java:52)
	at org.testng.SuiteRunnerWorker.run(SuiteRunnerWorker.java:86)
	at org.testng.TestNG.runSuitesSequentially(TestNG.java:1215)
	at org.testng.TestNG.runSuitesLocally(TestNG.java:1140)
	at org.testng.TestNG.run(TestNG.java:1048)
	at org.testng.remote.AbstractRemoteTestNG.run(AbstractRemoteTestNG.java:132)
	at org.testng.remote.RemoteTestNG.initAndRun(RemoteTestNG.java:236)
	at org.testng.remote.RemoteTestNG.main(RemoteTestNG.java:81)
]]>
            </full-stacktrace>
          </exception> <!-- org.openqa.selenium.NoSuchElementException -->
          <reporter-output>
          </reporter-output>
        </test-method> <!-- testScenarios -->
        <test-method status="FAIL" signature="testScenarios(java.lang.String, java.lang.String)[pri:0, instance:com.gdi.testexecutor.TestExecutor@18be83e4]" name="testScenarios" duration-ms="49" started-at="2018-01-02T15:27:01Z" data-provider="getScenarios" finished-at="2018-01-02T15:27:01Z">
          <params>
            <param index="0">
              <value>
                <![CDATA[UC24_ValidateSizeChart]]>
              </value>
            </param>
            <param index="1">
              <value>
                <![CDATA[Yes]]>
              </value>
            </param>
          </params>
          <exception class="org.openqa.selenium.NoSuchElementException">
            <message>
              <![CDATA[An element could not be located on the page using the given search parameters. (WARNING: The server did not provide any stacktrace information)
Command duration or timeout: 46 milliseconds
For documentation on this error, please visit: http://seleniumhq.org/exceptions/no_such_element.html
Build info: version: '2.53.0', revision: '35ae25b', time: '2016-03-15 17:00:58'
System info: host: 'DivyaT.local', ip: '192.168.3.171', os.name: 'Mac OS X', os.arch: 'x86_64', os.version: '10.12.6', java.version: '1.8.0_101'
Driver info: io.appium.java_client.android.AndroidDriver
Capabilities [{app=/Users/testuser/Downloads/app-v141-garage-ca-internal_qa.apk, platformVersion=6.0.1, automationName=uiautomator2, platformName=Android, deviceName=Redmi, platform=ANY}]
Session ID: 758d8ded-819b-4df9-a0ce-aefaadb6e00b
*** Element info: {Using=accessibility id, value=info_button}]]>
            </message>
            <full-stacktrace>
              <![CDATA[org.openqa.selenium.NoSuchElementException: An element could not be located on the page using the given search parameters. (WARNING: The server did not provide any stacktrace information)
Command duration or timeout: 46 milliseconds
For documentation on this error, please visit: http://seleniumhq.org/exceptions/no_such_element.html
Build info: version: '2.53.0', revision: '35ae25b', time: '2016-03-15 17:00:58'
System info: host: 'DivyaT.local', ip: '192.168.3.171', os.name: 'Mac OS X', os.arch: 'x86_64', os.version: '10.12.6', java.version: '1.8.0_101'
Driver info: io.appium.java_client.android.AndroidDriver
Capabilities [{app=/Users/testuser/Downloads/app-v141-garage-ca-internal_qa.apk, platformVersion=6.0.1, automationName=uiautomator2, platformName=Android, deviceName=Redmi, platform=ANY}]
Session ID: 758d8ded-819b-4df9-a0ce-aefaadb6e00b
*** Element info: {Using=accessibility id, value=info_button}
	at sun.reflect.GeneratedConstructorAccessor45.newInstance(Unknown Source)
	at sun.reflect.DelegatingConstructorAccessorImpl.newInstance(DelegatingConstructorAccessorImpl.java:45)
	at java.lang.reflect.Constructor.newInstance(Constructor.java:423)
	at org.openqa.selenium.remote.ErrorHandler.createThrowable(ErrorHandler.java:206)
	at org.openqa.selenium.remote.ErrorHandler.throwIfResponseFailed(ErrorHandler.java:158)
	at org.openqa.selenium.remote.RemoteWebDriver.execute(RemoteWebDriver.java:678)
	at io.appium.java_client.AppiumDriver.execute(AppiumDriver.java:180)
	at org.openqa.selenium.remote.RemoteWebDriver.findElement(RemoteWebDriver.java:363)
	at io.appium.java_client.AppiumDriver.findElementByAccessibilityId(AppiumDriver.java:587)
	at com.gdi.locators.PDPLocators.infoButton(PDPLocators.java:64)
	at com.gdi.testscenarios.UC24_ValidateSizeChart.validateSizeChart(UC24_ValidateSizeChart.java:23)
	at com.gdi.testscenarios.UC24_ValidateSizeChart.<init>(UC24_ValidateSizeChart.java:18)
	at com.gdi.testscenarios.TestScenarioMapper.executeFunction(TestScenarioMapper.java:104)
	at com.gdi.testexecutor.TestExecutor.testScenarios(TestExecutor.java:127)
	at sun.reflect.GeneratedMethodAccessor2.invoke(Unknown Source)
	at sun.reflect.DelegatingMethodAccessorImpl.invoke(DelegatingMethodAccessorImpl.java:43)
	at java.lang.reflect.Method.invoke(Method.java:498)
	at org.testng.internal.MethodInvocationHelper.invokeMethod(MethodInvocationHelper.java:85)
	at org.testng.internal.Invoker.invokeMethod(Invoker.java:639)
	at org.testng.internal.Invoker.invokeTestMethod(Invoker.java:816)
	at org.testng.internal.Invoker.invokeTestMethods(Invoker.java:1124)
	at org.testng.internal.TestMethodWorker.invokeTestMethods(TestMethodWorker.java:125)
	at org.testng.internal.TestMethodWorker.run(TestMethodWorker.java:108)
	at org.testng.TestRunner.privateRun(TestRunner.java:774)
	at org.testng.TestRunner.run(TestRunner.java:624)
	at org.testng.SuiteRunner.runTest(SuiteRunner.java:359)
	at org.testng.SuiteRunner.runSequentially(SuiteRunner.java:354)
	at org.testng.SuiteRunner.privateRun(SuiteRunner.java:312)
	at org.testng.SuiteRunner.run(SuiteRunner.java:261)
	at org.testng.SuiteRunnerWorker.runSuite(SuiteRunnerWorker.java:52)
	at org.testng.SuiteRunnerWorker.run(SuiteRunnerWorker.java:86)
	at org.testng.TestNG.runSuitesSequentially(TestNG.java:1215)
	at org.testng.TestNG.runSuitesLocally(TestNG.java:1140)
	at org.testng.TestNG.run(TestNG.java:1048)
	at org.testng.remote.AbstractRemoteTestNG.run(AbstractRemoteTestNG.java:132)
	at org.testng.remote.RemoteTestNG.initAndRun(RemoteTestNG.java:236)
	at org.testng.remote.RemoteTestNG.main(RemoteTestNG.java:81)
]]>
            </full-stacktrace>
          </exception> <!-- org.openqa.selenium.NoSuchElementException -->
          <reporter-output>
          </reporter-output>
        </test-method> <!-- testScenarios -->
        <test-method status="FAIL" signature="testScenarios(java.lang.String, java.lang.String)[pri:0, instance:com.gdi.testexecutor.TestExecutor@18be83e4]" name="testScenarios" duration-ms="62" started-at="2018-01-02T15:27:01Z" data-provider="getScenarios" finished-at="2018-01-02T15:27:01Z">
          <params>
            <param index="0">
              <value>
                <![CDATA[UC25_AddToBag]]>
              </value>
            </param>
            <param index="1">
              <value>
                <![CDATA[Yes]]>
              </value>
            </param>
          </params>
          <exception class="org.openqa.selenium.NoSuchElementException">
            <message>
              <![CDATA[An element could not be located on the page using the given search parameters. (WARNING: The server did not provide any stacktrace information)
Command duration or timeout: 59 milliseconds
For documentation on this error, please visit: http://seleniumhq.org/exceptions/no_such_element.html
Build info: version: '2.53.0', revision: '35ae25b', time: '2016-03-15 17:00:58'
System info: host: 'DivyaT.local', ip: '192.168.3.171', os.name: 'Mac OS X', os.arch: 'x86_64', os.version: '10.12.6', java.version: '1.8.0_101'
Driver info: io.appium.java_client.android.AndroidDriver
Capabilities [{app=/Users/testuser/Downloads/app-v141-garage-ca-internal_qa.apk, platformVersion=6.0.1, automationName=uiautomator2, platformName=Android, deviceName=Redmi, platform=ANY}]
Session ID: 758d8ded-819b-4df9-a0ce-aefaadb6e00b
*** Element info: {Using=accessibility id, value=add_to_bag_button}]]>
            </message>
            <full-stacktrace>
              <![CDATA[org.openqa.selenium.NoSuchElementException: An element could not be located on the page using the given search parameters. (WARNING: The server did not provide any stacktrace information)
Command duration or timeout: 59 milliseconds
For documentation on this error, please visit: http://seleniumhq.org/exceptions/no_such_element.html
Build info: version: '2.53.0', revision: '35ae25b', time: '2016-03-15 17:00:58'
System info: host: 'DivyaT.local', ip: '192.168.3.171', os.name: 'Mac OS X', os.arch: 'x86_64', os.version: '10.12.6', java.version: '1.8.0_101'
Driver info: io.appium.java_client.android.AndroidDriver
Capabilities [{app=/Users/testuser/Downloads/app-v141-garage-ca-internal_qa.apk, platformVersion=6.0.1, automationName=uiautomator2, platformName=Android, deviceName=Redmi, platform=ANY}]
Session ID: 758d8ded-819b-4df9-a0ce-aefaadb6e00b
*** Element info: {Using=accessibility id, value=add_to_bag_button}
	at sun.reflect.GeneratedConstructorAccessor45.newInstance(Unknown Source)
	at sun.reflect.DelegatingConstructorAccessorImpl.newInstance(DelegatingConstructorAccessorImpl.java:45)
	at java.lang.reflect.Constructor.newInstance(Constructor.java:423)
	at org.openqa.selenium.remote.ErrorHandler.createThrowable(ErrorHandler.java:206)
	at org.openqa.selenium.remote.ErrorHandler.throwIfResponseFailed(ErrorHandler.java:158)
	at org.openqa.selenium.remote.RemoteWebDriver.execute(RemoteWebDriver.java:678)
	at io.appium.java_client.AppiumDriver.execute(AppiumDriver.java:180)
	at org.openqa.selenium.remote.RemoteWebDriver.findElement(RemoteWebDriver.java:363)
	at io.appium.java_client.AppiumDriver.findElementByAccessibilityId(AppiumDriver.java:587)
	at com.gdi.locators.PDPLocators.addTobag(PDPLocators.java:53)
	at com.gdi.testscenarios.UC25_AddToBag.addToBag(UC25_AddToBag.java:24)
	at com.gdi.testscenarios.UC25_AddToBag.<init>(UC25_AddToBag.java:18)
	at com.gdi.testscenarios.TestScenarioMapper.executeFunction(TestScenarioMapper.java:108)
	at com.gdi.testexecutor.TestExecutor.testScenarios(TestExecutor.java:127)
	at sun.reflect.GeneratedMethodAccessor2.invoke(Unknown Source)
	at sun.reflect.DelegatingMethodAccessorImpl.invoke(DelegatingMethodAccessorImpl.java:43)
	at java.lang.reflect.Method.invoke(Method.java:498)
	at org.testng.internal.MethodInvocationHelper.invokeMethod(MethodInvocationHelper.java:85)
	at org.testng.internal.Invoker.invokeMethod(Invoker.java:639)
	at org.testng.internal.Invoker.invokeTestMethod(Invoker.java:816)
	at org.testng.internal.Invoker.invokeTestMethods(Invoker.java:1124)
	at org.testng.internal.TestMethodWorker.invokeTestMethods(TestMethodWorker.java:125)
	at org.testng.internal.TestMethodWorker.run(TestMethodWorker.java:108)
	at org.testng.TestRunner.privateRun(TestRunner.java:774)
	at org.testng.TestRunner.run(TestRunner.java:624)
	at org.testng.SuiteRunner.runTest(SuiteRunner.java:359)
	at org.testng.SuiteRunner.runSequentially(SuiteRunner.java:354)
	at org.testng.SuiteRunner.privateRun(SuiteRunner.java:312)
	at org.testng.SuiteRunner.run(SuiteRunner.java:261)
	at org.testng.SuiteRunnerWorker.runSuite(SuiteRunnerWorker.java:52)
	at org.testng.SuiteRunnerWorker.run(SuiteRunnerWorker.java:86)
	at org.testng.TestNG.runSuitesSequentially(TestNG.java:1215)
	at org.testng.TestNG.runSuitesLocally(TestNG.java:1140)
	at org.testng.TestNG.run(TestNG.java:1048)
	at org.testng.remote.AbstractRemoteTestNG.run(AbstractRemoteTestNG.java:132)
	at org.testng.remote.RemoteTestNG.initAndRun(RemoteTestNG.java:236)
	at org.testng.remote.RemoteTestNG.main(RemoteTestNG.java:81)
]]>
            </full-stacktrace>
          </exception> <!-- org.openqa.selenium.NoSuchElementException -->
          <reporter-output>
          </reporter-output>
        </test-method> <!-- testScenarios -->
        <test-method status="FAIL" signature="testScenarios(java.lang.String, java.lang.String)[pri:0, instance:com.gdi.testexecutor.TestExecutor@18be83e4]" name="testScenarios" duration-ms="3064" started-at="2018-01-02T15:27:01Z" data-provider="getScenarios" finished-at="2018-01-02T15:27:04Z">
          <params>
            <param index="0">
              <value>
                <![CDATA[UC26_SaveToWishList]]>
              </value>
            </param>
            <param index="1">
              <value>
                <![CDATA[Yes]]>
              </value>
            </param>
          </params>
          <exception class="org.openqa.selenium.NoSuchElementException">
            <message>
              <![CDATA[An element could not be located on the page using the given search parameters. (WARNING: The server did not provide any stacktrace information)
Command duration or timeout: 62 milliseconds
For documentation on this error, please visit: http://seleniumhq.org/exceptions/no_such_element.html
Build info: version: '2.53.0', revision: '35ae25b', time: '2016-03-15 17:00:58'
System info: host: 'DivyaT.local', ip: '192.168.3.171', os.name: 'Mac OS X', os.arch: 'x86_64', os.version: '10.12.6', java.version: '1.8.0_101'
Driver info: io.appium.java_client.android.AndroidDriver
Capabilities [{app=/Users/testuser/Downloads/app-v141-garage-ca-internal_qa.apk, platformVersion=6.0.1, automationName=uiautomator2, platformName=Android, deviceName=Redmi, platform=ANY}]
Session ID: 758d8ded-819b-4df9-a0ce-aefaadb6e00b
*** Element info: {Using=accessibility id, value=add_to_wish_list_button}]]>
            </message>
            <full-stacktrace>
              <![CDATA[org.openqa.selenium.NoSuchElementException: An element could not be located on the page using the given search parameters. (WARNING: The server did not provide any stacktrace information)
Command duration or timeout: 62 milliseconds
For documentation on this error, please visit: http://seleniumhq.org/exceptions/no_such_element.html
Build info: version: '2.53.0', revision: '35ae25b', time: '2016-03-15 17:00:58'
System info: host: 'DivyaT.local', ip: '192.168.3.171', os.name: 'Mac OS X', os.arch: 'x86_64', os.version: '10.12.6', java.version: '1.8.0_101'
Driver info: io.appium.java_client.android.AndroidDriver
Capabilities [{app=/Users/testuser/Downloads/app-v141-garage-ca-internal_qa.apk, platformVersion=6.0.1, automationName=uiautomator2, platformName=Android, deviceName=Redmi, platform=ANY}]
Session ID: 758d8ded-819b-4df9-a0ce-aefaadb6e00b
*** Element info: {Using=accessibility id, value=add_to_wish_list_button}
	at sun.reflect.GeneratedConstructorAccessor45.newInstance(Unknown Source)
	at sun.reflect.DelegatingConstructorAccessorImpl.newInstance(DelegatingConstructorAccessorImpl.java:45)
	at java.lang.reflect.Constructor.newInstance(Constructor.java:423)
	at org.openqa.selenium.remote.ErrorHandler.createThrowable(ErrorHandler.java:206)
	at org.openqa.selenium.remote.ErrorHandler.throwIfResponseFailed(ErrorHandler.java:158)
	at org.openqa.selenium.remote.RemoteWebDriver.execute(RemoteWebDriver.java:678)
	at io.appium.java_client.AppiumDriver.execute(AppiumDriver.java:180)
	at org.openqa.selenium.remote.RemoteWebDriver.findElement(RemoteWebDriver.java:363)
	at io.appium.java_client.AppiumDriver.findElementByAccessibilityId(AppiumDriver.java:587)
	at com.gdi.locators.PDPLocators.saveToWishlist(PDPLocators.java:56)
	at com.gdi.testscenarios.UC26_SaveToWishList.saveToWishlist(UC26_SaveToWishList.java:24)
	at com.gdi.testscenarios.UC26_SaveToWishList.<init>(UC26_SaveToWishList.java:18)
	at com.gdi.testscenarios.TestScenarioMapper.executeFunction(TestScenarioMapper.java:112)
	at com.gdi.testexecutor.TestExecutor.testScenarios(TestExecutor.java:127)
	at sun.reflect.GeneratedMethodAccessor2.invoke(Unknown Source)
	at sun.reflect.DelegatingMethodAccessorImpl.invoke(DelegatingMethodAccessorImpl.java:43)
	at java.lang.reflect.Method.invoke(Method.java:498)
	at org.testng.internal.MethodInvocationHelper.invokeMethod(MethodInvocationHelper.java:85)
	at org.testng.internal.Invoker.invokeMethod(Invoker.java:639)
	at org.testng.internal.Invoker.invokeTestMethod(Invoker.java:816)
	at org.testng.internal.Invoker.invokeTestMethods(Invoker.java:1124)
	at org.testng.internal.TestMethodWorker.invokeTestMethods(TestMethodWorker.java:125)
	at org.testng.internal.TestMethodWorker.run(TestMethodWorker.java:108)
	at org.testng.TestRunner.privateRun(TestRunner.java:774)
	at org.testng.TestRunner.run(TestRunner.java:624)
	at org.testng.SuiteRunner.runTest(SuiteRunner.java:359)
	at org.testng.SuiteRunner.runSequentially(SuiteRunner.java:354)
	at org.testng.SuiteRunner.privateRun(SuiteRunner.java:312)
	at org.testng.SuiteRunner.run(SuiteRunner.java:261)
	at org.testng.SuiteRunnerWorker.runSuite(SuiteRunnerWorker.java:52)
	at org.testng.SuiteRunnerWorker.run(SuiteRunnerWorker.java:86)
	at org.testng.TestNG.runSuitesSequentially(TestNG.java:1215)
	at org.testng.TestNG.runSuitesLocally(TestNG.java:1140)
	at org.testng.TestNG.run(TestNG.java:1048)
	at org.testng.remote.AbstractRemoteTestNG.run(AbstractRemoteTestNG.java:132)
	at org.testng.remote.RemoteTestNG.initAndRun(RemoteTestNG.java:236)
	at org.testng.remote.RemoteTestNG.main(RemoteTestNG.java:81)
]]>
            </full-stacktrace>
          </exception> <!-- org.openqa.selenium.NoSuchElementException -->
          <reporter-output>
          </reporter-output>
        </test-method> <!-- testScenarios -->
        <test-method status="FAIL" signature="testScenarios(java.lang.String, java.lang.String)[pri:0, instance:com.gdi.testexecutor.TestExecutor@18be83e4]" name="testScenarios" duration-ms="43" started-at="2018-01-02T15:27:04Z" data-provider="getScenarios" finished-at="2018-01-02T15:27:05Z">
          <params>
            <param index="0">
              <value>
                <![CDATA[UC27_FindInStore]]>
              </value>
            </param>
            <param index="1">
              <value>
                <![CDATA[Yes]]>
              </value>
            </param>
          </params>
          <exception class="org.openqa.selenium.NoSuchElementException">
            <message>
              <![CDATA[An element could not be located on the page using the given search parameters. (WARNING: The server did not provide any stacktrace information)
Command duration or timeout: 41 milliseconds
For documentation on this error, please visit: http://seleniumhq.org/exceptions/no_such_element.html
Build info: version: '2.53.0', revision: '35ae25b', time: '2016-03-15 17:00:58'
System info: host: 'DivyaT.local', ip: '192.168.3.171', os.name: 'Mac OS X', os.arch: 'x86_64', os.version: '10.12.6', java.version: '1.8.0_101'
Driver info: io.appium.java_client.android.AndroidDriver
Capabilities [{app=/Users/testuser/Downloads/app-v141-garage-ca-internal_qa.apk, platformVersion=6.0.1, automationName=uiautomator2, platformName=Android, deviceName=Redmi, platform=ANY}]
Session ID: 758d8ded-819b-4df9-a0ce-aefaadb6e00b
*** Element info: {Using=accessibility id, value=find_in_store}]]>
            </message>
            <full-stacktrace>
              <![CDATA[org.openqa.selenium.NoSuchElementException: An element could not be located on the page using the given search parameters. (WARNING: The server did not provide any stacktrace information)
Command duration or timeout: 41 milliseconds
For documentation on this error, please visit: http://seleniumhq.org/exceptions/no_such_element.html
Build info: version: '2.53.0', revision: '35ae25b', time: '2016-03-15 17:00:58'
System info: host: 'DivyaT.local', ip: '192.168.3.171', os.name: 'Mac OS X', os.arch: 'x86_64', os.version: '10.12.6', java.version: '1.8.0_101'
Driver info: io.appium.java_client.android.AndroidDriver
Capabilities [{app=/Users/testuser/Downloads/app-v141-garage-ca-internal_qa.apk, platformVersion=6.0.1, automationName=uiautomator2, platformName=Android, deviceName=Redmi, platform=ANY}]
Session ID: 758d8ded-819b-4df9-a0ce-aefaadb6e00b
*** Element info: {Using=accessibility id, value=find_in_store}
	at sun.reflect.GeneratedConstructorAccessor45.newInstance(Unknown Source)
	at sun.reflect.DelegatingConstructorAccessorImpl.newInstance(DelegatingConstructorAccessorImpl.java:45)
[...]
	at sun.reflect.GeneratedConstructorAccessor45.newInstance(Unknown Source)
	at sun.reflect.DelegatingConstructorAccessorImpl.newInstance(DelegatingConstructorAccessorImpl.java:45)
	at java.lang.reflect.Constructor.newInstance(Constructor.java:423)
	at org.openqa.selenium.remote.ErrorHandler.createThrowable(ErrorHandler.java:206)
	at org.openqa.selenium.remote.ErrorHandler.throwIfResponseFailed(ErrorHandler.java:158)
	at org.openqa.selenium.remote.RemoteWebDriver.execute(RemoteWebDriver.java:678)
	at io.appium.java_client.AppiumDriver.execute(AppiumDriver.java:180)
	at org.openqa.selenium.remote.RemoteWebDriver.findElement(RemoteWebDriver.java:363)
	at io.appium.java_client.AppiumDriver.findElementByAccessibilityId(AppiumDriver.java:587)
	at com.gdi.locators.StudioLocators.vipBenefits(StudioLocators.java:68)
	at com.gdi.testscenarios.UC72_VIPBenifits.vIPBenifits(UC72_VIPBenifits.java:23)
	at com.gdi.testscenarios.UC72_VIPBenifits.<init>(UC72_VIPBenifits.java:17)
	at com.gdi.testscenarios.TestScenarioMapper.executeFunction(TestScenarioMapper.java:315)
	at com.gdi.testexecutor.TestExecutor.testScenarios(TestExecutor.java:127)
	at sun.reflect.GeneratedMethodAccessor2.invoke(Unknown Source)
	at sun.reflect.DelegatingMethodAccessorImpl.invoke(DelegatingMethodAccessorImpl.java:43)
	at java.lang.reflect.Method.invoke(Method.java:498)
	at org.testng.internal.MethodInvocationHelper.invokeMethod(MethodInvocationHelper.java:85)
	at org.testng.internal.Invoker.invokeMethod(Invoker.java:639)
	at org.testng.internal.Invoker.invokeTestMethod(Invoker.java:816)
	at org.testng.internal.Invoker.invokeTestMethods(Invoker.java:1124)
	at org.testng.internal.TestMethodWorker.invokeTestMethods(TestMethodWorker.java:125)
	at org.testng.internal.TestMethodWorker.run(TestMethodWorker.java:108)
	at org.testng.TestRunner.privateRun(TestRunner.java:774)
	at org.testng.TestRunner.run(TestRunner.java:624)
	at org.testng.SuiteRunner.runTest(SuiteRunner.java:359)
	at org.testng.SuiteRunner.runSequentially(SuiteRunner.java:354)
	at org.testng.SuiteRunner.privateRun(SuiteRunner.java:312)
	at org.testng.SuiteRunner.run(SuiteRunner.java:261)
	at org.testng.SuiteRunnerWorker.runSuite(SuiteRunnerWorker.java:52)
	at org.testng.SuiteRunnerWorker.run(SuiteRunnerWorker.java:86)
	at org.testng.TestNG.runSuitesSequentially(TestNG.java:1215)
	at org.testng.TestNG.runSuitesLocally(TestNG.java:1140)
	at org.testng.TestNG.run(TestNG.java:1048)
	at org.testng.remote.AbstractRemoteTestNG.run(AbstractRemoteTestNG.java:132)
	at org.testng.remote.RemoteTestNG.initAndRun(RemoteTestNG.java:236)
	at org.testng.remote.RemoteTestNG.main(RemoteTestNG.java:81)
]]>
            </full-stacktrace>
          </exception> <!-- org.openqa.selenium.NoSuchElementException -->
          <reporter-output>
          </reporter-output>
        </test-method> <!-- testScenarios -->
        <test-method status="FAIL" signature="testScenarios(java.lang.String, java.lang.String)[pri:0, instance:com.gdi.testexecutor.TestExecutor@18be83e4]" name="testScenarios" duration-ms="2079" started-at="2018-01-02T15:31:40Z" data-provider="getScenarios" finished-at="2018-01-02T15:31:42Z">
          <params>
            <param index="0">
              <value>
                <![CDATA[UC73_KeepProductInWishlist]]>
              </value>
            </param>
            <param index="1">
              <value>
                <![CDATA[Yes]]>
              </value>
            </param>
          </params>
          <exception class="org.openqa.selenium.NoSuchElementException">
            <message>
              <![CDATA[An element could not be located on the page using the given search parameters. (WARNING: The server did not provide any stacktrace information)
Command duration or timeout: 75 milliseconds
For documentation on this error, please visit: http://seleniumhq.org/exceptions/no_such_element.html
Build info: version: '2.53.0', revision: '35ae25b', time: '2016-03-15 17:00:58'
System info: host: 'DivyaT.local', ip: '192.168.3.171', os.name: 'Mac OS X', os.arch: 'x86_64', os.version: '10.12.6', java.version: '1.8.0_101'
Driver info: io.appium.java_client.android.AndroidDriver
Capabilities [{app=/Users/testuser/Downloads/app-v141-garage-ca-internal_qa.apk, platformVersion=6.0.1, automationName=uiautomator2, platformName=Android, deviceName=Redmi, platform=ANY}]
Session ID: 758d8ded-819b-4df9-a0ce-aefaadb6e00b
*** Element info: {Using=accessibility id, value=homeScreen_tab_wishlist}]]>
            </message>
            <full-stacktrace>
              <![CDATA[org.openqa.selenium.NoSuchElementException: An element could not be located on the page using the given search parameters. (WARNING: The server did not provide any stacktrace information)
Command duration or timeout: 75 milliseconds
For documentation on this error, please visit: http://seleniumhq.org/exceptions/no_such_element.html
Build info: version: '2.53.0', revision: '35ae25b', time: '2016-03-15 17:00:58'
System info: host: 'DivyaT.local', ip: '192.168.3.171', os.name: 'Mac OS X', os.arch: 'x86_64', os.version: '10.12.6', java.version: '1.8.0_101'
Driver info: io.appium.java_client.android.AndroidDriver
Capabilities [{app=/Users/testuser/Downloads/app-v141-garage-ca-internal_qa.apk, platformVersion=6.0.1, automationName=uiautomator2, platformName=Android, deviceName=Redmi, platform=ANY}]
Session ID: 758d8ded-819b-4df9-a0ce-aefaadb6e00b
*** Element info: {Using=accessibility id, value=homeScreen_tab_wishlist}
	at sun.reflect.GeneratedConstructorAccessor45.newInstance(Unknown Source)
	at sun.reflect.DelegatingConstructorAccessorImpl.newInstance(DelegatingConstructorAccessorImpl.java:45)
	at java.lang.reflect.Constructor.newInstance(Constructor.java:423)
	at org.openqa.selenium.remote.ErrorHandler.createThrowable(ErrorHandler.java:206)
	at org.openqa.selenium.remote.ErrorHandler.throwIfResponseFailed(ErrorHandler.java:158)
	at org.openqa.selenium.remote.RemoteWebDriver.execute(RemoteWebDriver.java:678)
	at io.appium.java_client.AppiumDriver.execute(AppiumDriver.java:180)
	at org.openqa.selenium.remote.RemoteWebDriver.findElement(RemoteWebDriver.java:363)
	at io.appium.java_client.AppiumDriver.findElementByAccessibilityId(AppiumDriver.java:587)
	at com.gdi.locators.HomePageLocators.wishlistModule(HomePageLocators.java:63)
	at com.gdi.testscenarios.UC73_KeepProductInWishlist.keepProductInWishlist(UC73_KeepProductInWishlist.java:24)
	at com.gdi.testscenarios.UC73_KeepProductInWishlist.<init>(UC73_KeepProductInWishlist.java:18)
	at com.gdi.testscenarios.TestScenarioMapper.executeFunction(TestScenarioMapper.java:320)
	at com.gdi.testexecutor.TestExecutor.testScenarios(TestExecutor.java:127)
	at sun.reflect.GeneratedMethodAccessor2.invoke(Unknown Source)
	at sun.reflect.DelegatingMethodAccessorImpl.invoke(DelegatingMethodAccessorImpl.java:43)
	at java.lang.reflect.Method.invoke(Method.java:498)
	at org.testng.internal.MethodInvocationHelper.invokeMethod(MethodInvocationHelper.java:85)
	at org.testng.internal.Invoker.invokeMethod(Invoker.java:639)
	at org.testng.internal.Invoker.invokeTestMethod(Invoker.java:816)
	at org.testng.internal.Invoker.invokeTestMethods(Invoker.java:1124)
	at org.testng.internal.TestMethodWorker.invokeTestMethods(TestMethodWorker.java:125)
	at org.testng.internal.TestMethodWorker.run(TestMethodWorker.java:108)
	at org.testng.TestRunner.privateRun(TestRunner.java:774)
	at org.testng.TestRunner.run(TestRunner.java:624)
	at org.testng.SuiteRunner.runTest(SuiteRunner.java:359)
	at org.testng.SuiteRunner.runSequentially(SuiteRunner.java:354)
	at org.testng.SuiteRunner.privateRun(SuiteRunner.java:312)
	at org.testng.SuiteRunner.run(SuiteRunner.java:261)
	at org.testng.SuiteRunnerWorker.runSuite(SuiteRunnerWorker.java:52)
	at org.testng.SuiteRunnerWorker.run(SuiteRunnerWorker.java:86)
	at org.testng.TestNG.runSuitesSequentially(TestNG.java:1215)
	at org.testng.TestNG.runSuitesLocally(TestNG.java:1140)
	at org.testng.TestNG.run(TestNG.java:1048)
	at org.testng.remote.AbstractRemoteTestNG.run(AbstractRemoteTestNG.java:132)
	at org.testng.remote.RemoteTestNG.initAndRun(RemoteTestNG.java:236)
	at org.testng.remote.RemoteTestNG.main(RemoteTestNG.java:81)
]]>
            </full-stacktrace>
          </exception> <!-- org.openqa.selenium.NoSuchElementException -->
          <reporter-output>
          </reporter-output>
        </test-method> <!-- testScenarios -->
        <test-method status="FAIL" signature="testScenarios(java.lang.String, java.lang.String)[pri:0, instance:com.gdi.testexecutor.TestExecutor@18be83e4]" name="testScenarios" duration-ms="2076" started-at="2018-01-02T15:31:42Z" data-provider="getScenarios" finished-at="2018-01-02T15:31:45Z">
          <params>
            <param index="0">
              <value>
                <![CDATA[UC74_AddProductToBagFromWishlist]]>
              </value>
            </param>
            <param index="1">
              <value>
                <![CDATA[Yes]]>
              </value>
            </param>
          </params>
          <exception class="org.openqa.selenium.NoSuchElementException">
            <message>
              <![CDATA[An element could not be located on the page using the given search parameters. (WARNING: The server did not provide any stacktrace information)
Command duration or timeout: 69 milliseconds
For documentation on this error, please visit: http://seleniumhq.org/exceptions/no_such_element.html
Build info: version: '2.53.0', revision: '35ae25b', time: '2016-03-15 17:00:58'
System info: host: 'DivyaT.local', ip: '192.168.3.171', os.name: 'Mac OS X', os.arch: 'x86_64', os.version: '10.12.6', java.version: '1.8.0_101'
Driver info: io.appium.java_client.android.AndroidDriver
Capabilities [{app=/Users/testuser/Downloads/app-v141-garage-ca-internal_qa.apk, platformVersion=6.0.1, automationName=uiautomator2, platformName=Android, deviceName=Redmi, platform=ANY}]
Session ID: 758d8ded-819b-4df9-a0ce-aefaadb6e00b
*** Element info: {Using=accessibility id, value=Add_To_Bag}]]>
            </message>
            <full-stacktrace>
              <![CDATA[org.openqa.selenium.NoSuchElementException: An element could not be located on the page using the given search parameters. (WARNING: The server did not provide any stacktrace information)
Command duration or timeout: 69 milliseconds
For documentation on this error, please visit: http://seleniumhq.org/exceptions/no_such_element.html
Build info: version: '2.53.0', revision: '35ae25b', time: '2016-03-15 17:00:58'
System info: host: 'DivyaT.local', ip: '192.168.3.171', os.name: 'Mac OS X', os.arch: 'x86_64', os.version: '10.12.6', java.version: '1.8.0_101'
Driver info: io.appium.java_client.android.AndroidDriver
Capabilities [{app=/Users/testuser/Downloads/app-v141-garage-ca-internal_qa.apk, platformVersion=6.0.1, automationName=uiautomator2, platformName=Android, deviceName=Redmi, platform=ANY}]
Session ID: 758d8ded-819b-4df9-a0ce-aefaadb6e00b
*** Element info: {Using=accessibility id, value=Add_To_Bag}
	at sun.reflect.GeneratedConstructorAccessor45.newInstance(Unknown Source)
	at sun.reflect.DelegatingConstructorAccessorImpl.newInstance(DelegatingConstructorAccessorImpl.java:45)
	at java.lang.reflect.Constructor.newInstance(Constructor.java:423)
	at org.openqa.selenium.remote.ErrorHandler.createThrowable(ErrorHandler.java:206)
	at org.openqa.selenium.remote.ErrorHandler.throwIfResponseFailed(ErrorHandler.java:158)
	at org.openqa.selenium.remote.RemoteWebDriver.execute(RemoteWebDriver.java:678)
	at io.appium.java_client.AppiumDriver.execute(AppiumDriver.java:180)
	at org.openqa.selenium.remote.RemoteWebDriver.findElement(RemoteWebDriver.java:363)
	at io.appium.java_client.AppiumDriver.findElementByAccessibilityId(AppiumDriver.java:587)
	at com.gdi.locators.WishlistLocators.addToBag(WishlistLocators.java:25)
	at com.gdi.testscenarios.UC74_AddProductToBagFromWishlist.addProductToBagFromWishlist(UC74_AddProductToBagFromWishlist.java:24)
	at com.gdi.testscenarios.UC74_AddProductToBagFromWishlist.<init>(UC74_AddProductToBagFromWishlist.java:19)
	at com.gdi.testscenarios.TestScenarioMapper.executeFunction(TestScenarioMapper.java:324)
	at com.gdi.testexecutor.TestExecutor.testScenarios(TestExecutor.java:127)
	at sun.reflect.GeneratedMethodAccessor2.invoke(Unknown Source)
	at sun.reflect.DelegatingMethodAccessorImpl.invoke(DelegatingMethodAccessorImpl.java:43)
	at java.lang.reflect.Method.invoke(Method.java:498)
	at org.testng.internal.MethodInvocationHelper.invokeMethod(MethodInvocationHelper.java:85)
	at org.testng.internal.Invoker.invokeMethod(Invoker.java:639)
	at org.testng.internal.Invoker.invokeTestMethod(Invoker.java:816)
	at org.testng.internal.Invoker.invokeTestMethods(Invoker.java:1124)
	at org.testng.internal.TestMethodWorker.invokeTestMethods(TestMethodWorker.java:125)
	at org.testng.internal.TestMethodWorker.run(TestMethodWorker.java:108)
	at org.testng.TestRunner.privateRun(TestRunner.java:774)
	at org.testng.TestRunner.run(TestRunner.java:624)
	at org.testng.SuiteRunner.runTest(SuiteRunner.java:359)
	at org.testng.SuiteRunner.runSequentially(SuiteRunner.java:354)
	at org.testng.SuiteRunner.privateRun(SuiteRunner.java:312)
	at org.testng.SuiteRunner.run(SuiteRunner.java:261)
	at org.testng.SuiteRunnerWorker.runSuite(SuiteRunnerWorker.java:52)
	at org.testng.SuiteRunnerWorker.run(SuiteRunnerWorker.java:86)
	at org.testng.TestNG.runSuitesSequentially(TestNG.java:1215)
	at org.testng.TestNG.runSuitesLocally(TestNG.java:1140)
	at org.testng.TestNG.run(TestNG.java:1048)
	at org.testng.remote.AbstractRemoteTestNG.run(AbstractRemoteTestNG.java:132)
	at org.testng.remote.RemoteTestNG.initAndRun(RemoteTestNG.java:236)
	at org.testng.remote.RemoteTestNG.main(RemoteTestNG.java:81)
]]>
            </full-stacktrace>
          </exception> <!-- org.openqa.selenium.NoSuchElementException -->
          <reporter-output>
          </reporter-output>
        </test-method> <!-- testScenarios -->
        <test-method status="FAIL" signature="testScenarios(java.lang.String, java.lang.String)[pri:0, instance:com.gdi.testexecutor.TestExecutor@18be83e4]" name="testScenarios" duration-ms="2080" started-at="2018-01-02T15:31:45Z" data-provider="getScenarios" finished-at="2018-01-02T15:31:47Z">
          <params>
            <param index="0">
              <value>
                <![CDATA[UC75_RemoveProductFromCart]]>
              </value>
            </param>
            <param index="1">
              <value>
                <![CDATA[Yes]]>
              </value>
            </param>
          </params>
          <exception class="org.openqa.selenium.NoSuchElementException">
            <message>
              <![CDATA[An element could not be located on the page using the given search parameters. (WARNING: The server did not provide any stacktrace information)
Command duration or timeout: 77 milliseconds
For documentation on this error, please visit: http://seleniumhq.org/exceptions/no_such_element.html
Build info: version: '2.53.0', revision: '35ae25b', time: '2016-03-15 17:00:58'
System info: host: 'DivyaT.local', ip: '192.168.3.171', os.name: 'Mac OS X', os.arch: 'x86_64', os.version: '10.12.6', java.version: '1.8.0_101'
Driver info: io.appium.java_client.android.AndroidDriver
Capabilities [{app=/Users/testuser/Downloads/app-v141-garage-ca-internal_qa.apk, platformVersion=6.0.1, automationName=uiautomator2, platformName=Android, deviceName=Redmi, platform=ANY}]
Session ID: 758d8ded-819b-4df9-a0ce-aefaadb6e00b
*** Element info: {Using=accessibility id, value=navigationBar_cart}]]>
            </message>
            <full-stacktrace>
              <![CDATA[org.openqa.selenium.NoSuchElementException: An element could not be located on the page using the given search parameters. (WARNING: The server did not provide any stacktrace information)
Command duration or timeout: 77 milliseconds
For documentation on this error, please visit: http://seleniumhq.org/exceptions/no_such_element.html
Build info: version: '2.53.0', revision: '35ae25b', time: '2016-03-15 17:00:58'
System info: host: 'DivyaT.local', ip: '192.168.3.171', os.name: 'Mac OS X', os.arch: 'x86_64', os.version: '10.12.6', java.version: '1.8.0_101'
Driver info: io.appium.java_client.android.AndroidDriver
Capabilities [{app=/Users/testuser/Downloads/app-v141-garage-ca-internal_qa.apk, platformVersion=6.0.1, automationName=uiautomator2, platformName=Android, deviceName=Redmi, platform=ANY}]
Session ID: 758d8ded-819b-4df9-a0ce-aefaadb6e00b
*** Element info: {Using=accessibility id, value=navigationBar_cart}
	at sun.reflect.GeneratedConstructorAccessor45.newInstance(Unknown Source)
	at sun.reflect.DelegatingConstructorAccessorImpl.newInstance(DelegatingConstructorAccessorImpl.java:45)
	at java.lang.reflect.Constructor.newInstance(Constructor.java:423)
	at org.openqa.selenium.remote.ErrorHandler.createThrowable(ErrorHandler.java:206)
	at org.openqa.selenium.remote.ErrorHandler.throwIfResponseFailed(ErrorHandler.java:158)
	at org.openqa.selenium.remote.RemoteWebDriver.execute(RemoteWebDriver.java:678)
	at io.appium.java_client.AppiumDriver.execute(AppiumDriver.java:180)
	at org.openqa.selenium.remote.RemoteWebDriver.findElement(RemoteWebDriver.java:363)
	at io.appium.java_client.AppiumDriver.findElementByAccessibilityId(AppiumDriver.java:587)
	at com.gdi.locators.HomePageLocators.shoppingCart(HomePageLocators.java:43)
	at com.gdi.testscenarios.UC75_RemoveProductFromCart.removeProductFromCart(UC75_RemoveProductFromCart.java:24)
	at com.gdi.testscenarios.UC75_RemoveProductFromCart.<init>(UC75_RemoveProductFromCart.java:18)
	at com.gdi.testscenarios.TestScenarioMapper.executeFunction(TestScenarioMapper.java:328)
	at com.gdi.testexecutor.TestExecutor.testScenarios(TestExecutor.java:127)
	at sun.reflect.GeneratedMethodAccessor2.invoke(Unknown Source)
	at sun.reflect.DelegatingMethodAccessorImpl.invoke(DelegatingMethodAccessorImpl.java:43)
	at java.lang.reflect.Method.invoke(Method.java:498)
	at org.testng.internal.MethodInvocationHelper.invokeMethod(MethodInvocationHelper.java:85)
	at org.testng.internal.Invoker.invokeMethod(Invoker.java:639)
	at org.testng.internal.Invoker.invokeTestMethod(Invoker.java:816)
	at org.testng.internal.Invoker.invokeTestMethods(Invoker.java:1124)
	at org.testng.internal.TestMethodWorker.invokeTestMethods(TestMethodWorker.java:125)
	at org.testng.internal.TestMethodWorker.run(TestMethodWorker.java:108)
	at org.testng.TestRunner.privateRun(TestRunner.java:774)
	at org.testng.TestRunner.run(TestRunner.java:624)
	at org.testng.SuiteRunner.runTest(SuiteRunner.java:359)
	at org.testng.SuiteRunner.runSequentially(SuiteRunner.java:354)
	at org.testng.SuiteRunner.privateRun(SuiteRunner.java:312)
	at org.testng.SuiteRunner.run(SuiteRunner.java:261)
	at org.testng.SuiteRunnerWorker.runSuite(SuiteRunnerWorker.java:52)
	at org.testng.SuiteRunnerWorker.run(SuiteRunnerWorker.java:86)
	at org.testng.TestNG.runSuitesSequentially(TestNG.java:1215)
	at org.testng.TestNG.runSuitesLocally(TestNG.java:1140)
	at org.testng.TestNG.run(TestNG.java:1048)
	at org.testng.remote.AbstractRemoteTestNG.run(AbstractRemoteTestNG.java:132)
	at org.testng.remote.RemoteTestNG.initAndRun(RemoteTestNG.java:236)
	at org.testng.remote.RemoteTestNG.main(RemoteTestNG.java:81)
]]>
            </full-stacktrace>
          </exception> <!-- org.openqa.selenium.NoSuchElementException -->
          <reporter-output>
          </reporter-output>
        </test-method> <!-- testScenarios -->
        <test-method status="PASS" signature="endFrameWork()[pri:0, instance:com.gdi.testexecutor.TestExecutor@18be83e4]" name="endFrameWork" is-config="true" duration-ms="527" started-at="2018-01-02T15:31:47Z" finished-at="2018-01-02T15:31:47Z">
          <reporter-output>
          </reporter-output>
        </test-method> <!-- endFrameWork -->
      </class> <!-- com.gdi.testexecutor.TestExecutor -->
    </test> <!-- Default test -->
  </suite> <!-- Default suite -->
</testng-results>
